<?xml version="1.0" ?>
<coverage branch-rate="0" line-rate="1" timestamp="1470262421135" version="4.1">
	<!-- Generated by coverage.py: https://coverage.readthedocs.io -->
	<!-- Based on https://raw.githubusercontent.com/cobertura/web/f0366e5e2cf18f111cbd61fc34ef720a6584ba02/htdocs/xml/coverage-03.dtd -->
	<sources>
		<source>/Users/yurishkuro/Uber/opentracing-python/opentracing</source>
	</sources>
	<packages>
		<package branch-rate="0" complexity="0" line-rate="1" name=".">
			<classes>
				<class branch-rate="0" complexity="0" filename="opentracing/__init__.py" line-rate="1" name="__init__.py">
					<methods/>
					<lines>
						<line hits="1" number="20"/>
						<line hits="1" number="21"/>
						<line hits="1" number="22"/>
						<line hits="1" number="23"/>
						<line hits="1" number="24"/>
						<line hits="1" number="25"/>
						<line hits="1" number="26"/>
						<line hits="1" number="27"/>
						<line hits="1" number="28"/>
						<line hits="1" number="29"/>
						<line hits="1" number="30"/>
						<line hits="1" number="31"/>
						<line hits="1" number="32"/>
						<line hits="1" number="37"/>
					</lines>
				</class>
				<class branch-rate="0" complexity="0" filename="opentracing/propagation.py" line-rate="1" name="propagation.py">
					<methods/>
					<lines>
						<line hits="1" number="21"/>
						<line hits="1" number="24"/>
						<line hits="1" number="30"/>
						<line hits="1" number="33"/>
						<line hits="1" number="39"/>
						<line hits="1" number="42"/>
						<line hits="1" number="48"/>
						<line hits="1" number="51"/>
						<line hits="1" number="66"/>
						<line hits="1" number="78"/>
						<line hits="1" number="93"/>
					</lines>
				</class>
				<class branch-rate="0" complexity="0" filename="opentracing/span.py" line-rate="1" name="span.py">
					<methods/>
					<lines>
						<line hits="1" number="21"/>
						<line hits="1" number="24"/>
						<line hits="1" number="35"/>
						<line hits="1" number="57"/>
						<line hits="1" number="59"/>
						<line hits="1" number="68"/>
						<line hits="1" number="71"/>
						<line hits="1" number="89"/>
						<line hits="1" number="90"/>
						<line hits="1" number="91"/>
						<line hits="1" number="93"/>
						<line hits="1" number="102"/>
						<line hits="1" number="104"/>
						<line hits="1" number="110"/>
						<line hits="1" number="112"/>
						<line hits="1" number="118"/>
						<line hits="1" number="120"/>
						<line hits="1" number="130"/>
						<line hits="1" number="132"/>
						<line hits="1" number="148"/>
						<line hits="1" number="150"/>
						<line hits="1" number="158"/>
						<line hits="1" number="160"/>
						<line hits="1" number="169"/>
						<line hits="1" number="171"/>
						<line hits="1" number="176"/>
						<line hits="1" number="178"/>
						<line hits="1" number="184"/>
						<line hits="1" number="185"/>
						<line hits="1" number="188"/>
					</lines>
				</class>
				<class branch-rate="0" complexity="0" filename="opentracing/tracer.py" line-rate="1" name="tracer.py">
					<methods/>
					<lines>
						<line hits="1" number="21"/>
						<line hits="1" number="22"/>
						<line hits="1" number="23"/>
						<line hits="1" number="24"/>
						<line hits="1" number="25"/>
						<line hits="1" number="28"/>
						<line hits="1" number="36"/>
						<line hits="1" number="38"/>
						<line hits="1" number="39"/>
						<line hits="1" number="40"/>
						<line hits="1" number="42"/>
						<line hits="1" number="86"/>
						<line hits="1" number="88"/>
						<line hits="1" number="104"/>
						<line hits="1" number="105"/>
						<line hits="1" number="106"/>
						<line hits="1" number="108"/>
						<line hits="1" number="131"/>
						<line hits="1" number="132"/>
						<line hits="1" number="133"/>
						<line hits="1" number="136"/>
						<line hits="1" number="142"/>
						<line hits="1" number="143"/>
						<line hits="1" number="148"/>
						<line hits="1" number="166"/>
						<line hits="1" number="169"/>
						<line hits="1" number="178"/>
						<line hits="1" number="183"/>
						<line hits="1" number="192"/>
						<line hits="1" number="197"/>
						<line hits="1" number="219"/>
					</lines>
				</class>
			</classes>
		</package>
		<package branch-rate="0" complexity="0" line-rate="1" name="ext">
			<classes>
				<class branch-rate="0" complexity="0" filename="opentracing/ext/__init__.py" line-rate="1" name="__init__.py">
					<methods/>
					<lines/>
				</class>
				<class branch-rate="0" complexity="0" filename="opentracing/ext/tags.py" line-rate="1" name="tags.py">
					<methods/>
					<lines>
						<line hits="1" number="20"/>
						<line hits="1" number="31"/>
						<line hits="1" number="34"/>
						<line hits="1" number="37"/>
						<line hits="1" number="43"/>
						<line hits="1" number="48"/>
						<line hits="1" number="56"/>
						<line hits="1" number="59"/>
						<line hits="1" number="62"/>
						<line hits="1" number="65"/>
						<line hits="1" number="68"/>
						<line hits="1" number="76"/>
						<line hits="1" number="80"/>
						<line hits="1" number="84"/>
					</lines>
				</class>
			</classes>
		</package>
		<package branch-rate="0" complexity="0" line-rate="1" name="harness">
			<classes>
				<class branch-rate="0" complexity="0" filename="opentracing/harness/__init__.py" line-rate="1" name="__init__.py">
					<methods/>
					<lines>
						<line hits="1" number="20"/>
					</lines>
				</class>
				<class branch-rate="0" complexity="0" filename="opentracing/harness/api_check.py" line-rate="1" name="api_check.py">
					<methods/>
					<lines>
						<line hits="1" number="20"/>
						<line hits="1" number="21"/>
						<line hits="1" number="23"/>
						<line hits="1" number="25"/>
						<line hits="1" number="26"/>
						<line hits="1" number="29"/>
						<line hits="1" number="35"/>
						<line hits="1" number="36"/>
						<line hits="1" number="38"/>
						<line hits="1" number="45"/>
						<line hits="1" number="47"/>
						<line hits="1" number="48"/>
						<line hits="1" number="49"/>
						<line hits="1" number="50"/>
						<line hits="1" number="51"/>
						<line hits="1" number="53"/>
						<line hits="1" number="57"/>
						<line hits="1" number="58"/>
						<line hits="1" number="59"/>
						<line hits="1" number="60"/>
						<line hits="1" number="61"/>
						<line hits="1" number="64"/>
						<line hits="1" number="65"/>
						<line hits="1" number="69"/>
						<line hits="1" number="70"/>
						<line hits="1" number="72"/>
						<line hits="1" number="73"/>
						<line hits="1" number="74"/>
						<line hits="1" number="75"/>
						<line hits="1" number="76"/>
						<line hits="1" number="78"/>
						<line hits="1" number="79"/>
						<line hits="1" number="81"/>
						<line hits="1" number="82"/>
						<line hits="1" number="83"/>
						<line hits="1" number="85"/>
						<line hits="1" number="86"/>
						<line hits="1" number="88"/>
						<line hits="1" number="89"/>
						<line hits="1" number="91"/>
						<line hits="1" number="92"/>
						<line hits="1" number="93"/>
						<line hits="1" number="96"/>
						<line hits="1" number="97"/>
						<line hits="1" number="98"/>
						<line hits="1" number="99"/>
						<line hits="1" number="100"/>
						<line hits="1" number="101"/>
						<line hits="1" number="102"/>
						<line hits="1" number="106"/>
						<line hits="1" number="107"/>
						<line hits="1" number="108"/>
						<line hits="1" number="111"/>
						<line hits="1" number="113"/>
						<line hits="1" number="114"/>
						<line hits="1" number="115"/>
						<line hits="1" number="119"/>
						<line hits="1" number="127"/>
						<line hits="1" number="128"/>
						<line hits="1" number="129"/>
						<line hits="1" number="130"/>
						<line hits="1" number="131"/>
						<line hits="1" number="132"/>
						<line hits="1" number="133"/>
						<line hits="1" number="134"/>
						<line hits="1" number="136"/>
						<line hits="1" number="137"/>
						<line hits="1" number="138"/>
						<line hits="1" number="139"/>
						<line hits="1" number="143"/>
						<line hits="1" number="146"/>
						<line hits="1" number="149"/>
						<line hits="1" number="150"/>
						<line hits="1" number="151"/>
						<line hits="1" number="152"/>
						<line hits="1" number="156"/>
						<line hits="1" number="159"/>
						<line hits="1" number="167"/>
						<line hits="1" number="168"/>
						<line hits="1" number="173"/>
						<line hits="1" number="174"/>
						<line hits="1" number="175"/>
						<line hits="1" number="176"/>
						<line hits="1" number="178"/>
						<line hits="1" number="179"/>
						<line hits="1" number="180"/>
						<line hits="1" number="181"/>
						<line hits="1" number="182"/>
						<line hits="1" number="183"/>
						<line hits="1" number="184"/>
					</lines>
				</class>
			</classes>
		</package>
	</packages>
</coverage>
