<?xml version="1.0" ?>
<coverage branch-rate="0.1642" line-rate="0.3618" timestamp="1469590312204" version="4.1">
	<!-- Generated by coverage.py: https://coverage.readthedocs.io -->
	<!-- Based on https://raw.githubusercontent.com/cobertura/web/f0366e5e2cf18f111cbd61fc34ef720a6584ba02/htdocs/xml/coverage-03.dtd -->
	<sources>
		<source>/home/matt/bin/venvs/skbuild/lib/python3.4/site-packages</source>
		<source>/home/matt/src/scikit-build</source>
		<source>/home/matt/src/scikit-build/skbuild/_</source>
	</sources>
	<packages>
		<package branch-rate="1" complexity="0" line-rate="1" name=".">
			<classes>
				<class branch-rate="1" complexity="0" filename="skbuild.py" line-rate="1" name="skbuild.py">
					<methods/>
					<lines>
						<line hits="1" number="3"/>
						<line hits="1" number="5"/>
						<line hits="1" number="6"/>
						<line hits="1" number="7"/>
						<line hits="1" number="9"/>
					</lines>
				</class>
			</classes>
		</package>
		<package branch-rate="0.07249" complexity="0" line-rate="0.2513" name="setuptools">
			<classes>
				<class branch-rate="0.2" complexity="0" filename="setuptools/archive_util.py" line-rate="0.3793" name="archive_util.py">
					<methods/>
					<lines>
						<line hits="1" number="4"/>
						<line hits="1" number="9"/>
						<line hits="1" number="10"/>
						<line hits="1" number="11"/>
						<line hits="1" number="12"/>
						<line hits="1" number="13"/>
						<line hits="1" number="14"/>
						<line hits="1" number="15"/>
						<line hits="1" number="16"/>
						<line hits="1" number="19"/>
						<line hits="1" number="23"/>
						<line hits="0" number="25"/>
						<line hits="1" number="28"/>
						<line branch="true" condition-coverage="50% (1/2)" hits="1" missing-branches="58" number="50"/>
						<line hits="1" number="51"/>
						<line hits="1" number="52"/>
						<line hits="0" number="53"/>
						<line hits="0" number="54"/>
						<line hits="1" number="56"/>
						<line hits="0" number="58"/>
						<line hits="1" number="63"/>
						<line branch="true" condition-coverage="50% (1/2)" hits="1" missing-branches="69" number="68"/>
						<line hits="0" number="69"/>
						<line hits="1" number="71"/>
						<line branch="true" condition-coverage="100% (2/2)" hits="1" number="74"/>
						<line hits="1" number="75"/>
						<line branch="true" condition-coverage="50% (1/2)" hits="1" missing-branches="77" number="76"/>
						<line hits="0" number="77"/>
						<line branch="true" condition-coverage="100% (2/2)" hits="1" number="78"/>
						<line hits="1" number="79"/>
						<line hits="1" number="80"/>
						<line branch="true" condition-coverage="50% (1/2)" hits="1" missing-branches="83" number="81"/>
						<line hits="0" number="83"/>
						<line hits="1" number="84"/>
						<line hits="1" number="85"/>
						<line hits="1" number="86"/>
						<line hits="1" number="87"/>
						<line hits="1" number="90"/>
						<line branch="true" condition-coverage="0% (0/2)" hits="0" missing-branches="99,101" number="98"/>
						<line hits="0" number="99"/>
						<line hits="0" number="101"/>
						<line branch="true" condition-coverage="0% (0/2)" hits="0" missing-branches="exit,103" number="102"/>
						<line hits="0" number="103"/>
						<line branch="true" condition-coverage="0% (0/2)" hits="0" missing-branches="107,109" number="106"/>
						<line hits="0" number="107"/>
						<line hits="0" number="109"/>
						<line hits="0" number="110"/>
						<line branch="true" condition-coverage="0% (0/2)" hits="0" missing-branches="112,113" number="111"/>
						<line hits="0" number="112"/>
						<line branch="true" condition-coverage="0% (0/2)" hits="0" missing-branches="115,118" number="113"/>
						<line hits="0" number="115"/>
						<line hits="0" number="118"/>
						<line hits="0" number="119"/>
						<line hits="0" number="120"/>
						<line hits="0" number="121"/>
						<line hits="0" number="122"/>
						<line branch="true" condition-coverage="0% (0/2)" hits="0" missing-branches="102,124" number="123"/>
						<line hits="0" number="124"/>
						<line hits="1" number="127"/>
						<line hits="0" number="134"/>
						<line hits="0" number="135"/>
						<line hits="0" number="136"/>
						<line hits="0" number="137"/>
						<line hits="0" number="140"/>
						<line branch="true" condition-coverage="0% (0/2)" hits="0" missing-branches="exit,143" number="142"/>
						<line branch="true" condition-coverage="0% (0/2)" hits="0" missing-branches="144,170" number="143"/>
						<line hits="0" number="144"/>
						<line branch="true" condition-coverage="0% (0/2)" hits="0" missing-branches="143,147" number="146"/>
						<line hits="0" number="147"/>
						<line branch="true" condition-coverage="0% (0/2)" hits="0" missing-branches="152,159" number="151"/>
						<line hits="0" number="152"/>
						<line branch="true" condition-coverage="0% (0/2)" hits="0" missing-branches="154,157" number="153"/>
						<line hits="0" number="154"/>
						<line hits="0" number="155"/>
						<line hits="0" number="156"/>
						<line hits="0" number="157"/>
						<line branch="true" condition-coverage="0% (0/2)" hits="0" missing-branches="143,160" number="159"/>
						<line hits="0" number="160"/>
						<line branch="true" condition-coverage="0% (0/2)" hits="0" missing-branches="143,162" number="161"/>
						<line branch="true" condition-coverage="0% (0/2)" hits="0" missing-branches="163,164" number="162"/>
						<line hits="0" number="163"/>
						<line hits="0" number="164"/>
						<line hits="0" number="166"/>
						<line hits="0" number="167"/>
						<line hits="0" number="169"/>
						<line hits="0" number="170"/>
						<line hits="1" number="173"/>
					</lines>
				</class>
				<class branch-rate="0" complexity="0" filename="setuptools/package_index.py" line-rate="0.1761" name="package_index.py">
					<methods/>
					<lines>
						<line hits="1" number="2"/>
						<line hits="1" number="3"/>
						<line hits="1" number="4"/>
						<line hits="1" number="5"/>
						<line hits="1" number="6"/>
						<line hits="1" number="7"/>
						<line hits="1" number="8"/>
						<line hits="1" number="9"/>
						<line hits="1" number="10"/>
						<line hits="1" number="12"/>
						<line hits="1" number="13"/>
						<line hits="0" number="14"/>
						<line hits="0" number="15"/>
						<line hits="1" number="17"/>
						<line hits="1" number="18"/>
						<line hits="1" number="20"/>
						<line hits="1" number="21"/>
						<line hits="1" number="26"/>
						<line hits="1" number="27"/>
						<line hits="1" number="28"/>
						<line hits="1" number="29"/>
						<line hits="1" number="30"/>
						<line hits="1" number="31"/>
						<line hits="1" number="33"/>
						<line hits="1" number="34"/>
						<line hits="1" number="36"/>
						<line hits="1" number="40"/>
						<line hits="1" number="41"/>
						<line hits="1" number="43"/>
						<line hits="1" number="48"/>
						<line hits="1" number="51"/>
						<line hits="1" number="52"/>
						<line hits="1" number="55"/>
						<line hits="0" number="58"/>
						<line hits="0" number="59"/>
						<line branch="true" condition-coverage="0% (0/2)" hits="0" missing-branches="62,76" number="61"/>
						<line branch="true" condition-coverage="0% (0/2)" hits="0" missing-branches="63,65" number="62"/>
						<line hits="0" number="63"/>
						<line hits="0" number="64"/>
						<line branch="true" condition-coverage="0% (0/2)" hits="0" missing-branches="66,69" number="65"/>
						<line hits="0" number="66"/>
						<line hits="0" number="67"/>
						<line hits="0" number="68"/>
						<line branch="true" condition-coverage="0% (0/2)" hits="0" missing-branches="70,72" number="69"/>
						<line hits="0" number="70"/>
						<line hits="0" number="71"/>
						<line branch="true" condition-coverage="0% (0/2)" hits="0" missing-branches="73,76" number="72"/>
						<line hits="0" number="73"/>
						<line hits="0" number="74"/>
						<line hits="0" number="75"/>
						<line hits="0" number="76"/>
						<line hits="1" number="79"/>
						<line hits="0" number="80"/>
						<line hits="0" number="81"/>
						<line hits="0" number="82"/>
						<line branch="true" condition-coverage="0% (0/2)" hits="0" missing-branches="84,85" number="83"/>
						<line hits="0" number="84"/>
						<line branch="true" condition-coverage="0% (0/2)" hits="0" missing-branches="86,87" number="85"/>
						<line hits="0" number="86"/>
						<line hits="0" number="87"/>
						<line hits="1" number="90"/>
						<line hits="0" number="92"/>
						<line branch="true" condition-coverage="0% (0/2)" hits="0" missing-branches="94,95" number="93"/>
						<line hits="0" number="94"/>
						<line branch="true" condition-coverage="0% (0/2)" hits="0" missing-branches="exit,96" number="95"/>
						<line hits="0" number="96"/>
						<line branch="true" condition-coverage="0% (0/2)" hits="0" missing-branches="exit,98" number="97"/>
						<line branch="true" condition-coverage="0% (0/2)" hits="0" missing-branches="exit,101" number="98"/>
						<line hits="0" number="101"/>
						<line hits="1" number="104"/>
						<line branch="true" condition-coverage="0% (0/2)" hits="0" missing-branches="107,108" number="106"/>
						<line hits="0" number="107"/>
						<line branch="true" condition-coverage="0% (0/2)" hits="0" missing-branches="110,111" number="108"/>
						<line hits="0" number="110"/>
						<line branch="true" condition-coverage="0% (0/2)" hits="0" missing-branches="112,119" number="111"/>
						<line hits="0" number="112"/>
						<line branch="true" condition-coverage="0% (0/2)" hits="0" missing-branches="114,119" number="113"/>
						<line hits="0" number="114"/>
						<line branch="true" condition-coverage="0% (0/2)" hits="0" missing-branches="120,123" number="119"/>
						<line branch="true" condition-coverage="0% (0/2)" hits="0" missing-branches="119,121" number="120"/>
						<line hits="0" number="121"/>
						<line hits="0" number="122"/>
						<line hits="0" number="123"/>
						<line hits="1" number="126"/>
						<line hits="0" number="128"/>
						<line hits="1" number="133"/>
						<line hits="0" number="155"/>
						<line branch="true" condition-coverage="0% (0/3)" hits="0" missing-branches="exit,158,160" number="156"/>
						<line hits="0" number="158"/>
						<line branch="true" condition-coverage="0% (0/2)" hits="0" missing-branches="exit,161" number="160"/>
						<line hits="0" number="161"/>
						<line hits="1" number="169"/>
						<line hits="0" number="173"/>
						<line hits="0" number="174"/>
						<line branch="true" condition-coverage="0% (0/2)" hits="0" missing-branches="176,180" number="175"/>
						<line branch="true" condition-coverage="0% (0/2)" hits="0" missing-branches="exit,177" number="176"/>
						<line hits="0" number="177"/>
						<line hits="0" number="178"/>
						<line branch="true" condition-coverage="0% (0/2)" hits="0" missing-branches="exit,181" number="180"/>
						<line hits="0" number="181"/>
						<line branch="true" condition-coverage="0% (0/2)" hits="0" missing-branches="180,183" number="182"/>
						<line hits="0" number="183"/>
						<line hits="0" number="184"/>
						<line hits="1" number="187"/>
						<line hits="1" number="192"/>
						<line hits="0" number="194"/>
						<line hits="1" number="195"/>
						<line hits="1" number="198"/>
						<line hits="1" number="202"/>
						<line branch="true" condition-coverage="0% (0/2)" hits="0" missing-branches="207,213" number="206"/>
						<line hits="0" number="207"/>
						<line hits="0" number="208"/>
						<line branch="true" condition-coverage="0% (0/2)" hits="0" missing-branches="206,210" number="209"/>
						<line branch="true" condition-coverage="0% (0/2)" hits="0" missing-branches="206,211" number="210"/>
						<line hits="0" number="211"/>
						<line branch="true" condition-coverage="0% (0/2)" hits="0" missing-branches="exit,214" number="213"/>
						<line hits="0" number="214"/>
						<line branch="true" condition-coverage="0% (0/2)" hits="0" missing-branches="213,216" number="215"/>
						<line hits="0" number="216"/>
						<line branch="true" condition-coverage="0% (0/2)" hits="0" missing-branches="213,218" number="217"/>
						<line hits="0" number="218"/>
						<line hits="1" number="221"/>
						<line hits="1" number="226"/>
						<line hits="0" number="230"/>
						<line hits="1" number="232"/>
						<line hits="0" number="236"/>
						<line hits="1" number="238"/>
						<line hits="0" number="243"/>
						<line hits="1" number="246"/>
						<line hits="1" number="247"/>
						<line hits="1" number="252"/>
						<line hits="0" number="253"/>
						<line hits="0" number="254"/>
						<line hits="0" number="255"/>
						<line hits="1" number="257"/>
						<line hits="0" number="260"/>
						<line branch="true" condition-coverage="0% (0/2)" hits="0" missing-branches="262,263" number="261"/>
						<line hits="0" number="262"/>
						<line hits="0" number="263"/>
						<line branch="true" condition-coverage="0% (0/2)" hits="0" missing-branches="265,266" number="264"/>
						<line hits="0" number="265"/>
						<line hits="0" number="266"/>
						<line hits="1" number="268"/>
						<line hits="0" number="269"/>
						<line hits="1" number="271"/>
						<line hits="0" number="272"/>
						<line hits="1" number="274"/>
						<line hits="0" number="275"/>
						<line hits="0" number="276"/>
						<line hits="1" number="279"/>
						<line hits="1" number="282"/>
						<line hits="0" number="286"/>
						<line hits="0" number="287"/>
						<line hits="0" number="288"/>
						<line hits="0" number="289"/>
						<line hits="0" number="290"/>
						<line hits="0" number="291"/>
						<line hits="0" number="292"/>
						<line branch="true" condition-coverage="0% (0/2)" hits="0" missing-branches="294,296" number="293"/>
						<line hits="0" number="294"/>
						<line hits="0" number="296"/>
						<line hits="1" number="298"/>
						<line branch="true" condition-coverage="0% (0/2)" hits="0" missing-branches="301,302" number="300"/>
						<line hits="0" number="301"/>
						<line hits="0" number="302"/>
						<line branch="true" condition-coverage="0% (0/2)" hits="0" missing-branches="304,307" number="303"/>
						<line hits="0" number="304"/>
						<line hits="0" number="305"/>
						<line hits="0" number="307"/>
						<line branch="true" condition-coverage="0% (0/2)" hits="0" missing-branches="309,313" number="308"/>
						<line branch="true" condition-coverage="0% (0/2)" hits="0" missing-branches="310,311" number="309"/>
						<line hits="0" number="310"/>
						<line hits="0" number="311"/>
						<line branch="true" condition-coverage="0% (0/2)" hits="0" missing-branches="314,317" number="313"/>
						<line hits="0" number="314"/>
						<line hits="0" number="315"/>
						<line branch="true" condition-coverage="0% (0/2)" hits="0" missing-branches="318,321" number="317"/>
						<line hits="0" number="318"/>
						<line hits="0" number="319"/>
						<line hits="0" number="321"/>
						<line hits="0" number="322"/>
						<line hits="0" number="323"/>
						<line branch="true" condition-coverage="0% (0/2)" hits="0" missing-branches="325,326" number="324"/>
						<line hits="0" number="325"/>
						<line hits="0" number="326"/>
						<line branch="true" condition-coverage="0% (0/2)" hits="0" missing-branches="328,331" number="327"/>
						<line hits="0" number="328"/>
						<line hits="0" number="329"/>
						<line hits="0" number="331"/>
						<line hits="0" number="332"/>
						<line branch="true" condition-coverage="0% (0/2)" hits="0" missing-branches="334,340" number="333"/>
						<line branch="true" condition-coverage="0% (0/2)" hits="0" missing-branches="336,338" number="334"/>
						<line hits="0" number="336"/>
						<line hits="0" number="338"/>
						<line hits="0" number="339"/>
						<line hits="0" number="340"/>
						<line branch="true" condition-coverage="0% (0/2)" hits="0" missing-branches="342,344" number="341"/>
						<line hits="0" number="342"/>
						<line hits="0" number="343"/>
						<line branch="true" condition-coverage="0% (0/2)" hits="0" missing-branches="exit,345" number="344"/>
						<line hits="0" number="345"/>
						<line hits="1" number="347"/>
						<line branch="true" condition-coverage="0% (0/2)" hits="0" missing-branches="350,353" number="349"/>
						<line hits="0" number="350"/>
						<line hits="0" number="351"/>
						<line branch="true" condition-coverage="0% (0/2)" hits="0" missing-branches="354,358" number="353"/>
						<line hits="0" number="354"/>
						<line branch="true" condition-coverage="0% (0/2)" hits="0" missing-branches="356,358" number="355"/>
						<line hits="0" number="356"/>
						<line hits="0" number="358"/>
						<line branch="true" condition-coverage="0% (0/2)" hits="0" missing-branches="exit,360" number="359"/>
						<line hits="0" number="360"/>
						<line hits="0" number="361"/>
						<line hits="1" number="363"/>
						<line hits="0" number="364"/>
						<line branch="true" condition-coverage="0% (0/2)" hits="0" missing-branches="366,367" number="365"/>
						<line hits="0" number="366"/>
						<line hits="0" number="367"/>
						<line branch="true" condition-coverage="0% (0/2)" hits="0" missing-branches="370,372" number="369"/>
						<line hits="0" number="370"/>
						<line hits="0" number="372"/>
						<line hits="1" number="374"/>
						<line hits="0" number="375"/>
						<line branch="true" condition-coverage="0% (0/2)" hits="0" missing-branches="exit,382" number="376"/>
						<line hits="0" number="382"/>
						<line hits="1" number="384"/>
						<line hits="0" number="385"/>
						<line hits="0" number="387"/>
						<line branch="true" condition-coverage="0% (0/2)" hits="0" missing-branches="391,393" number="389"/>
						<line hits="0" number="391"/>
						<line hits="0" number="393"/>
						<line branch="true" condition-coverage="0% (0/2)" hits="0" missing-branches="exit,396" number="395"/>
						<line hits="0" number="396"/>
						<line hits="0" number="397"/>
						<line hits="0" number="398"/>
						<line hits="1" number="400"/>
						<line hits="0" number="402"/>
						<line branch="true" condition-coverage="0% (0/2)" hits="0" missing-branches="405,414" number="404"/>
						<line hits="0" number="405"/>
						<line branch="true" condition-coverage="0% (0/2)" hits="0" missing-branches="410,414" number="408"/>
						<line hits="0" number="410"/>
						<line hits="0" number="411"/>
						<line hits="0" number="412"/>
						<line hits="0" number="413"/>
						<line hits="0" number="414"/>
						<line branch="true" condition-coverage="0% (0/2)" hits="0" missing-branches="418,423" number="417"/>
						<line hits="0" number="418"/>
						<line hits="0" number="419"/>
						<line hits="0" number="420"/>
						<line hits="0" number="421"/>
						<line hits="0" number="423"/>
						<line branch="true" condition-coverage="0% (0/2)" hits="0" missing-branches="426,440" number="424"/>
						<line branch="true" condition-coverage="0% (0/2)" hits="0" missing-branches="428,436" number="426"/>
						<line hits="0" number="428"/>
						<line branch="true" condition-coverage="0% (0/2)" hits="0" missing-branches="430,434" number="429"/>
						<line branch="true" condition-coverage="0% (0/2)" hits="0" missing-branches="431,433" number="430"/>
						<line hits="0" number="431"/>
						<line hits="0" number="433"/>
						<line hits="0" number="434"/>
						<line branch="true" condition-coverage="0% (0/2)" hits="0" missing-branches="exit,exit" number="436"/>
						<line hits="0" number="440"/>
						<line hits="1" number="442"/>
						<line hits="0" number="443"/>
						<line hits="1" number="448"/>
						<line branch="true" condition-coverage="0% (0/2)" hits="0" missing-branches="450,455" number="449"/>
						<line branch="true" condition-coverage="0% (0/2)" hits="0" missing-branches="451,452" number="450"/>
						<line hits="0" number="451"/>
						<line hits="0" number="452"/>
						<line hits="0" number="455"/>
						<line hits="1" number="457"/>
						<line hits="0" number="458"/>
						<line branch="true" condition-coverage="0% (0/2)" hits="0" missing-branches="462,464" number="460"/>
						<line hits="0" number="462"/>
						<line branch="true" condition-coverage="0% (0/2)" hits="0" missing-branches="466,468" number="464"/>
						<line hits="0" number="466"/>
						<line branch="true" condition-coverage="0% (0/2)" hits="0" missing-branches="exit,470" number="468"/>
						<line hits="0" number="470"/>
						<line hits="1" number="472"/>
						<line hits="0" number="473"/>
						<line hits="0" number="474"/>
						<line branch="true" condition-coverage="0% (0/2)" hits="0" missing-branches="476,479" number="475"/>
						<line branch="true" condition-coverage="0% (0/2)" hits="0" missing-branches="477,478" number="476"/>
						<line hits="0" number="477"/>
						<line hits="0" number="478"/>
						<line hits="0" number="479"/>
						<line hits="1" number="481"/>
						<line hits="0" number="485"/>
						<line branch="true" condition-coverage="0% (0/2)" hits="0" missing-branches="exit,488" number="487"/>
						<line hits="0" number="488"/>
						<line hits="0" number="489"/>
						<line hits="0" number="490"/>
						<line hits="1" number="496"/>
						<line branch="true" condition-coverage="0% (0/2)" hits="0" missing-branches="exit,499" number="498"/>
						<line branch="true" condition-coverage="0% (0/2)" hits="0" missing-branches="506,509" number="499"/>
						<line hits="0" number="506"/>
						<line hits="0" number="509"/>
						<line hits="1" number="511"/>
						<line branch="true" condition-coverage="0% (0/2)" hits="0" missing-branches="514,515" number="513"/>
						<line hits="0" number="514"/>
						<line hits="0" number="515"/>
						<line hits="1" number="517"/>
						<line branch="true" condition-coverage="0% (0/2)" hits="0" missing-branches="519,521" number="518"/>
						<line hits="0" number="519"/>
						<line hits="0" number="521"/>
						<line hits="0" number="523"/>
						<line hits="0" number="524"/>
						<line hits="1" number="526"/>
						<line branch="true" condition-coverage="0% (0/2)" hits="0" missing-branches="545,564" number="544"/>
						<line hits="0" number="545"/>
						<line branch="true" condition-coverage="0% (0/2)" hits="0" missing-branches="548,553" number="546"/>
						<line hits="0" number="548"/>
						<line hits="0" number="549"/>
						<line branch="true" condition-coverage="0% (0/2)" hits="0" missing-branches="551,552" number="550"/>
						<line hits="0" number="551"/>
						<line hits="0" number="552"/>
						<line branch="true" condition-coverage="0% (0/2)" hits="0" missing-branches="555,557" number="553"/>
						<line hits="0" number="555"/>
						<line hits="0" number="557"/>
						<line hits="0" number="558"/>
						<line hits="0" number="559"/>
						<line hits="0" number="560"/>
						<line hits="0" number="564"/>
						<line hits="1" number="566"/>
						<line hits="0" number="587"/>
						<line hits="0" number="588"/>
						<line hits="0" number="589"/>
						<line hits="0" number="591"/>
						<line branch="true" condition-coverage="0% (0/2)" hits="0" missing-branches="593,596" number="592"/>
						<line hits="0" number="593"/>
						<line branch="true" condition-coverage="0% (0/2)" hits="0" missing-branches="exit,598" number="596"/>
						<line branch="true" condition-coverage="0% (0/2)" hits="0" missing-branches="599,604" number="598"/>
						<line branch="true" condition-coverage="0% (0/2)" hits="0" missing-branches="600,602" number="599"/>
						<line hits="0" number="600"/>
						<line hits="0" number="601"/>
						<line hits="0" number="602"/>
						<line branch="true" condition-coverage="0% (0/2)" hits="0" missing-branches="596,605" number="604"/>
						<line hits="0" number="605"/>
						<line branch="true" condition-coverage="0% (0/2)" hits="0" missing-branches="608,612" number="607"/>
						<line hits="0" number="608"/>
						<line hits="0" number="609"/>
						<line hits="0" number="610"/>
						<line branch="true" condition-coverage="0% (0/2)" hits="0" missing-branches="613,615" number="612"/>
						<line hits="0" number="613"/>
						<line branch="true" condition-coverage="0% (0/2)" hits="0" missing-branches="616,620" number="615"/>
						<line branch="true" condition-coverage="0% (0/2)" hits="0" missing-branches="617,618" number="616"/>
						<line hits="0" number="617"/>
						<line hits="0" number="618"/>
						<line branch="true" condition-coverage="0% (0/2)" hits="0" missing-branches="621,624" number="620"/>
						<line hits="0" number="621"/>
						<line hits="0" number="622"/>
						<line branch="true" condition-coverage="0% (0/2)" hits="0" missing-branches="625,631" number="624"/>
						<line hits="0" number="625"/>
						<line hits="0" number="631"/>
						<line hits="0" number="632"/>
						<line hits="1" number="634"/>
						<line hits="0" number="642"/>
						<line branch="true" condition-coverage="0% (0/2)" hits="0" missing-branches="644,645" number="643"/>
						<line hits="0" number="644"/>
						<line hits="0" number="645"/>
						<line hits="1" number="647"/>
						<line hits="0" number="648"/>
						<line branch="true" condition-coverage="0% (0/2)" hits="0" missing-branches="exit,654" number="649"/>
						<line branch="true" condition-coverage="0% (0/2)" hits="0" missing-branches="655,676" number="654"/>
						<line hits="0" number="655"/>
						<line branch="true" condition-coverage="0% (0/2)" hits="0" missing-branches="659,665" number="658"/>
						<line hits="0" number="659"/>
						<line hits="0" number="660"/>
						<line branch="true" condition-coverage="0% (0/2)" hits="0" missing-branches="662,665" number="661"/>
						<line hits="0" number="662"/>
						<line hits="0" number="663"/>
						<line hits="0" number="665"/>
						<line hits="0" number="666"/>
						<line hits="0" number="674"/>
						<line branch="true" condition-coverage="0% (0/2)" hits="0" missing-branches="677,683" number="676"/>
						<line hits="0" number="677"/>
						<line hits="0" number="683"/>
						<line hits="1" number="688"/>
						<line hits="1" number="690"/>
						<line hits="0" number="691"/>
						<line hits="0" number="693"/>
						<line hits="0" number="694"/>
						<line hits="0" number="695"/>
						<line hits="0" number="696"/>
						<line branch="true" condition-coverage="0% (0/2)" hits="0" missing-branches="698,701" number="697"/>
						<line hits="0" number="698"/>
						<line hits="0" number="701"/>
						<line hits="0" number="702"/>
						<line hits="0" number="703"/>
						<line hits="0" number="704"/>
						<line branch="true" condition-coverage="0% (0/2)" hits="0" missing-branches="707,710" number="705"/>
						<line hits="0" number="707"/>
						<line hits="0" number="708"/>
						<line hits="0" number="709"/>
						<line hits="0" number="710"/>
						<line hits="0" number="711"/>
						<line hits="0" number="712"/>
						<line branch="true" condition-coverage="0% (0/2)" hits="0" missing-branches="714,719" number="713"/>
						<line hits="0" number="714"/>
						<line hits="0" number="715"/>
						<line hits="0" number="716"/>
						<line hits="0" number="717"/>
						<line hits="0" number="719"/>
						<line hits="0" number="720"/>
						<line hits="0" number="721"/>
						<line branch="true" condition-coverage="0% (0/2)" hits="0" missing-branches="exit,724" number="723"/>
						<line hits="0" number="724"/>
						<line hits="1" number="726"/>
						<line hits="0" number="727"/>
						<line hits="1" number="729"/>
						<line branch="true" condition-coverage="0% (0/2)" hits="0" missing-branches="731,732" number="730"/>
						<line hits="0" number="731"/>
						<line hits="0" number="732"/>
						<line hits="0" number="733"/>
						<line branch="true" condition-coverage="0% (0/2)" hits="0" missing-branches="735,740" number="734"/>
						<line branch="true" condition-coverage="0% (0/2)" hits="0" missing-branches="exit,736" number="735"/>
						<line branch="true" condition-coverage="0% (0/2)" hits="0" missing-branches="737,739" number="736"/>
						<line hits="0" number="737"/>
						<line hits="0" number="739"/>
						<line branch="true" condition-coverage="0% (0/2)" hits="0" missing-branches="741,742" number="740"/>
						<line hits="0" number="741"/>
						<line branch="true" condition-coverage="0% (0/2)" hits="0" missing-branches="743,748" number="742"/>
						<line branch="true" condition-coverage="0% (0/2)" hits="0" missing-branches="744,746" number="743"/>
						<line hits="0" number="744"/>
						<line hits="0" number="746"/>
						<line branch="true" condition-coverage="0% (0/2)" hits="0" missing-branches="749,757" number="748"/>
						<line branch="true" condition-coverage="0% (0/2)" hits="0" missing-branches="750,752" number="749"/>
						<line hits="0" number="750"/>
						<line hits="0" number="752"/>
						<line hits="0" number="757"/>
						<line branch="true" condition-coverage="0% (0/2)" hits="0" missing-branches="759,761" number="758"/>
						<line hits="0" number="759"/>
						<line hits="0" number="761"/>
						<line hits="1" number="764"/>
						<line hits="0" number="767"/>
						<line branch="true" condition-coverage="0% (0/2)" hits="0" missing-branches="769,772" number="768"/>
						<line branch="true" condition-coverage="0% (0/2)" hits="0" missing-branches="770,774" number="769"/>
						<line hits="0" number="770"/>
						<line hits="0" number="772"/>
						<line branch="true" condition-coverage="0% (0/2)" hits="0" missing-branches="775,777" number="774"/>
						<line hits="0" number="775"/>
						<line hits="0" number="777"/>
						<line branch="true" condition-coverage="0% (0/2)" hits="0" missing-branches="782,783" number="781"/>
						<line hits="0" number="782"/>
						<line branch="true" condition-coverage="0% (0/2)" hits="0" missing-branches="784,785" number="783"/>
						<line hits="0" number="784"/>
						<line branch="true" condition-coverage="0% (0/2)" hits="0" missing-branches="786,787" number="785"/>
						<line hits="0" number="786"/>
						<line branch="true" condition-coverage="0% (0/2)" hits="0" missing-branches="788,790" number="787"/>
						<line hits="0" number="788"/>
						<line hits="0" number="790"/>
						<line hits="0" number="791"/>
						<line hits="1" number="793"/>
						<line hits="0" number="794"/>
						<line hits="1" number="796"/>
						<line hits="0" number="797"/>
						<line branch="true" condition-coverage="0% (0/2)" hits="0" missing-branches="799,801" number="798"/>
						<line hits="0" number="799"/>
						<line hits="0" number="801"/>
						<line hits="1" number="803"/>
						<line hits="0" number="804"/>
						<line branch="true" condition-coverage="0% (0/2)" hits="0" missing-branches="806,814" number="805"/>
						<line branch="true" condition-coverage="0% (0/2)" hits="0" missing-branches="805,808" number="806"/>
						<line branch="true" condition-coverage="0% (0/2)" hits="0" missing-branches="810,813" number="808"/>
						<line hits="0" number="810"/>
						<line hits="0" number="811"/>
						<line hits="0" number="812"/>
						<line hits="0" number="813"/>
						<line hits="0" number="814"/>
						<line hits="0" number="815"/>
						<line hits="0" number="816"/>
						<line hits="1" number="818"/>
						<line hits="0" number="819"/>
						<line hits="0" number="820"/>
						<line branch="true" condition-coverage="0% (0/2)" hits="0" missing-branches="822,835" number="821"/>
						<line hits="0" number="822"/>
						<line branch="true" condition-coverage="0% (0/2)" hits="0" missing-branches="824,835" number="823"/>
						<line hits="0" number="824"/>
						<line hits="0" number="825"/>
						<line branch="true" condition-coverage="0% (0/2)" hits="0" missing-branches="827,835" number="826"/>
						<line branch="true" condition-coverage="0% (0/2)" hits="0" missing-branches="828,831" number="827"/>
						<line hits="0" number="828"/>
						<line hits="0" number="829"/>
						<line hits="0" number="831"/>
						<line hits="0" number="832"/>
						<line hits="0" number="833"/>
						<line hits="0" number="834"/>
						<line hits="0" number="835"/>
						<line hits="0" number="836"/>
						<line hits="0" number="837"/>
						<line hits="1" number="839"/>
						<line hits="1" number="840"/>
						<line hits="0" number="841"/>
						<line hits="0" number="843"/>
						<line hits="0" number="846"/>
						<line hits="0" number="848"/>
						<line branch="true" condition-coverage="0% (0/2)" hits="0" missing-branches="850,853" number="849"/>
						<line hits="0" number="850"/>
						<line hits="0" number="853"/>
						<line hits="0" number="855"/>
						<line hits="1" number="857"/>
						<line hits="0" number="858"/>
						<line hits="0" number="859"/>
						<line hits="0" number="861"/>
						<line hits="0" number="862"/>
						<line branch="true" condition-coverage="0% (0/2)" hits="0" missing-branches="865,871" number="864"/>
						<line hits="0" number="865"/>
						<line hits="0" number="866"/>
						<line hits="0" number="871"/>
						<line hits="1" number="873"/>
						<line hits="0" number="874"/>
						<line hits="0" number="875"/>
						<line hits="0" number="877"/>
						<line hits="0" number="878"/>
						<line branch="true" condition-coverage="0% (0/2)" hits="0" missing-branches="881,887" number="880"/>
						<line hits="0" number="881"/>
						<line hits="0" number="882"/>
						<line hits="0" number="887"/>
						<line hits="1" number="889"/>
						<line hits="0" number="890"/>
						<line hits="1" number="892"/>
						<line hits="0" number="893"/>
						<line hits="1" number="895"/>
						<line hits="0" number="896"/>
						<line hits="1" number="901"/>
						<line hits="1" number="904"/>
						<line branch="true" condition-coverage="0% (0/2)" hits="0" missing-branches="906,907" number="905"/>
						<line hits="0" number="906"/>
						<line branch="true" condition-coverage="0% (0/2)" hits="0" missing-branches="908,909" number="907"/>
						<line hits="0" number="908"/>
						<line hits="0" number="909"/>
						<line hits="1" number="912"/>
						<line hits="0" number="913"/>
						<line branch="true" condition-coverage="0% (0/2)" hits="0" missing-branches="915,916" number="914"/>
						<line hits="0" number="915"/>
						<line branch="true" condition-coverage="0% (0/2)" hits="0" missing-branches="917,919" number="916"/>
						<line hits="0" number="917"/>
						<line hits="0" number="919"/>
						<line hits="0" number="920"/>
						<line hits="1" number="923"/>
						<line hits="0" number="925"/>
						<line hits="1" number="928"/>
						<line hits="1" number="929"/>
						<line hits="1" number="930"/>
						<line hits="0" number="931"/>
						<line hits="0" number="932"/>
						<line hits="0" number="933"/>
						<line hits="0" number="934"/>
						<line hits="0" number="936"/>
						<line hits="1" number="937"/>
						<line hits="1" number="938"/>
						<line hits="1" number="941"/>
						<line hits="0" number="953"/>
						<line hits="0" number="955"/>
						<line hits="0" number="957"/>
						<line hits="0" number="959"/>
						<line hits="0" number="961"/>
						<line hits="1" number="964"/>
						<line hits="1" number="969"/>
						<line hits="0" number="970"/>
						<line hits="0" number="971"/>
						<line hits="1" number="973"/>
						<line hits="0" number="974"/>
						<line hits="0" number="975"/>
						<line hits="1" number="977"/>
						<line hits="0" number="978"/>
						<line hits="1" number="981"/>
						<line hits="1" number="983"/>
						<line hits="0" number="987"/>
						<line hits="0" number="988"/>
						<line hits="0" number="990"/>
						<line branch="true" condition-coverage="0% (0/2)" hits="0" missing-branches="exit,992" number="991"/>
						<line hits="0" number="992"/>
						<line hits="1" number="994"/>
						<line branch="true" condition-coverage="0% (0/2)" hits="0" missing-branches="exit,1001" number="996"/>
						<line hits="0" number="1001"/>
						<line hits="1" number="1003"/>
						<line hits="0" number="1004"/>
						<line hits="0" number="1005"/>
						<line hits="1" number="1010"/>
						<line branch="true" condition-coverage="0% (0/2)" hits="0" missing-branches="exit,1016" number="1015"/>
						<line branch="true" condition-coverage="0% (0/2)" hits="0" missing-branches="1015,1017" number="1016"/>
						<line hits="0" number="1017"/>
						<line hits="1" number="1020"/>
						<line hits="0" number="1023"/>
						<line branch="true" condition-coverage="0% (0/2)" hits="0" missing-branches="1028,1030" number="1027"/>
						<line hits="0" number="1028"/>
						<line branch="true" condition-coverage="0% (0/2)" hits="0" missing-branches="1031,1033" number="1030"/>
						<line hits="0" number="1031"/>
						<line hits="0" number="1033"/>
						<line branch="true" condition-coverage="0% (0/2)" hits="0" missing-branches="1036,1042" number="1035"/>
						<line hits="0" number="1036"/>
						<line branch="true" condition-coverage="0% (0/2)" hits="0" missing-branches="1038,1042" number="1037"/>
						<line hits="0" number="1038"/>
						<line hits="0" number="1039"/>
						<line hits="0" number="1040"/>
						<line branch="true" condition-coverage="0% (0/2)" hits="0" missing-branches="1043,1049" number="1042"/>
						<line hits="0" number="1043"/>
						<line hits="0" number="1044"/>
						<line hits="0" number="1045"/>
						<line hits="0" number="1046"/>
						<line hits="0" number="1047"/>
						<line hits="0" number="1049"/>
						<line hits="0" number="1051"/>
						<line hits="0" number="1052"/>
						<line branch="true" condition-coverage="0% (0/2)" hits="0" missing-branches="1057,1062" number="1054"/>
						<line hits="0" number="1057"/>
						<line branch="true" condition-coverage="0% (0/2)" hits="0" missing-branches="1059,1062" number="1058"/>
						<line hits="0" number="1059"/>
						<line hits="0" number="1060"/>
						<line hits="0" number="1062"/>
						<line hits="1" number="1066"/>
						<line hits="1" number="1069"/>
						<line hits="0" number="1070"/>
						<line hits="1" number="1073"/>
						<line hits="0" number="1075"/>
						<line hits="0" number="1076"/>
						<line branch="true" condition-coverage="0% (0/2)" hits="0" missing-branches="1078,1079" number="1077"/>
						<line hits="0" number="1078"/>
						<line branch="true" condition-coverage="0% (0/2)" hits="0" missing-branches="1080,1096" number="1079"/>
						<line hits="0" number="1080"/>
						<line branch="true" condition-coverage="0% (0/2)" hits="0" missing-branches="1082,1091" number="1081"/>
						<line hits="0" number="1082"/>
						<line branch="true" condition-coverage="0% (0/2)" hits="0" missing-branches="1084,1087" number="1083"/>
						<line hits="0" number="1084"/>
						<line hits="0" number="1085"/>
						<line hits="0" number="1086"/>
						<line branch="true" condition-coverage="0% (0/2)" hits="0" missing-branches="1088,1089" number="1087"/>
						<line hits="0" number="1088"/>
						<line hits="0" number="1089"/>
						<line hits="0" number="1091"/>
						<line hits="0" number="1093"/>
						<line hits="0" number="1094"/>
						<line hits="0" number="1096"/>
						<line hits="0" number="1098"/>
						<line hits="0" number="1099"/>
						<line hits="0" number="1100"/>
					</lines>
				</class>
				<class branch-rate="0.5" complexity="0" filename="setuptools/py26compat.py" line-rate="0.6" name="py26compat.py">
					<methods/>
					<lines>
						<line hits="1" number="5"/>
						<line hits="1" number="7"/>
						<line hits="1" number="8"/>
						<line hits="0" number="9"/>
						<line hits="0" number="10"/>
						<line hits="1" number="13"/>
						<line hits="0" number="19"/>
						<line hits="0" number="20"/>
						<line branch="true" condition-coverage="50% (1/2)" hits="1" missing-branches="exit" number="23"/>
						<line branch="true" condition-coverage="50% (1/2)" hits="1" missing-branches="exit" number="24"/>
					</lines>
				</class>
				<class branch-rate="0.5" complexity="0" filename="setuptools/py27compat.py" line-rate="0.5" name="py27compat.py">
					<methods/>
					<lines>
						<line hits="1" number="5"/>
						<line hits="1" number="8"/>
						<line hits="0" number="12"/>
						<line branch="true" condition-coverage="50% (1/2)" hits="1" missing-branches="16" number="15"/>
						<line hits="0" number="16"/>
						<line hits="0" number="17"/>
					</lines>
				</class>
				<class branch-rate="0.2692" complexity="0" filename="setuptools/sandbox.py" line-rate="0.3893" name="sandbox.py">
					<methods/>
					<lines>
						<line hits="1" number="1"/>
						<line hits="1" number="2"/>
						<line hits="1" number="3"/>
						<line hits="1" number="4"/>
						<line hits="1" number="5"/>
						<line hits="1" number="6"/>
						<line hits="1" number="7"/>
						<line hits="1" number="8"/>
						<line hits="1" number="9"/>
						<line hits="1" number="11"/>
						<line hits="1" number="12"/>
						<line hits="1" number="14"/>
						<line branch="true" condition-coverage="50% (1/2)" hits="1" missing-branches="17" number="16"/>
						<line hits="0" number="17"/>
						<line hits="1" number="19"/>
						<line hits="1" number="20"/>
						<line hits="1" number="21"/>
						<line hits="1" number="22"/>
						<line hits="1" number="23"/>
						<line hits="1" number="24"/>
						<line hits="1" number="25"/>
						<line hits="1" number="26"/>
						<line hits="1" number="28"/>
						<line hits="1" number="33"/>
						<line hits="0" number="37"/>
						<line hits="0" number="38"/>
						<line hits="0" number="39"/>
						<line branch="true" condition-coverage="0% (0/2)" hits="0" missing-branches="42,44" number="41"/>
						<line hits="0" number="42"/>
						<line hits="0" number="43"/>
						<line branch="true" condition-coverage="0% (0/2)" hits="0" missing-branches="45,46" number="44"/>
						<line hits="0" number="45"/>
						<line hits="0" number="46"/>
						<line hits="0" number="47"/>
						<line hits="1" number="50"/>
						<line hits="1" number="51"/>
						<line hits="0" number="52"/>
						<line branch="true" condition-coverage="0% (0/2)" hits="0" missing-branches="54,55" number="53"/>
						<line hits="0" number="54"/>
						<line hits="0" number="55"/>
						<line hits="0" number="56"/>
						<line hits="0" number="58"/>
						<line hits="1" number="61"/>
						<line hits="0" number="63"/>
						<line hits="0" number="64"/>
						<line hits="0" number="65"/>
						<line hits="0" number="67"/>
						<line hits="1" number="70"/>
						<line branch="true" condition-coverage="0% (0/2)" hits="0" missing-branches="76,78" number="75"/>
						<line hits="0" number="76"/>
						<line hits="0" number="78"/>
						<line hits="0" number="80"/>
						<line hits="0" number="82"/>
						<line hits="0" number="83"/>
						<line hits="0" number="85"/>
						<line hits="1" number="88"/>
						<line hits="0" number="90"/>
						<line hits="0" number="91"/>
						<line hits="0" number="92"/>
						<line hits="0" number="93"/>
						<line hits="0" number="95"/>
						<line hits="1" number="98"/>
						<line hits="1" number="102"/>
						<line hits="0" number="108"/>
						<line hits="0" number="109"/>
						<line hits="0" number="110"/>
						<line hits="0" number="112"/>
						<line hits="0" number="113"/>
						<line hits="1" number="116"/>
						<line hits="1" number="122"/>
						<line hits="0" number="123"/>
						<line hits="1" number="125"/>
						<line branch="true" condition-coverage="0% (0/2)" hits="0" missing-branches="127,130" number="126"/>
						<line hits="0" number="127"/>
						<line hits="0" number="130"/>
						<line hits="0" number="131"/>
						<line hits="0" number="134"/>
						<line hits="1" number="136"/>
						<line branch="true" condition-coverage="0% (0/2)" hits="0" missing-branches="140,142" number="139"/>
						<line hits="0" number="140"/>
						<line hits="0" number="142"/>
						<line hits="0" number="143"/>
						<line hits="1" number="146"/>
						<line hits="0" number="154"/>
						<line hits="0" number="155"/>
						<line hits="0" number="156"/>
						<line hits="0" number="158"/>
						<line branch="true" condition-coverage="0% (0/2)" hits="0" missing-branches="exit,166" number="160"/>
						<line hits="0" number="166"/>
						<line hits="0" number="168"/>
						<line hits="1" number="171"/>
						<line branch="true" condition-coverage="0% (0/2)" hits="0" missing-branches="exit,173" number="172"/>
						<line hits="0" number="173"/>
						<line hits="1" number="176"/>
						<line hits="0" number="178"/>
						<line hits="0" number="179"/>
						<line hits="0" number="180"/>
						<line hits="0" number="182"/>
						<line hits="1" number="185"/>
						<line hits="0" number="187"/>
						<line hits="0" number="188"/>
						<line hits="0" number="189"/>
						<line hits="0" number="190"/>
						<line hits="0" number="191"/>
						<line hits="0" number="192"/>
						<line hits="0" number="193"/>
						<line hits="0" number="194"/>
						<line hits="0" number="196"/>
						<line hits="0" number="197"/>
						<line hits="1" number="200"/>
						<line hits="0" number="217"/>
						<line hits="0" number="218"/>
						<line hits="1" number="221"/>
						<line hits="0" number="228"/>
						<line hits="0" number="229"/>
						<line hits="1" number="232"/>
						<line hits="0" number="234"/>
						<line hits="0" number="235"/>
						<line hits="0" number="236"/>
						<line hits="0" number="237"/>
						<line hits="0" number="238"/>
						<line hits="0" number="240"/>
						<line branch="true" condition-coverage="0% (0/2)" hits="0" missing-branches="exit,243" number="241"/>
						<line hits="0" number="243"/>
						<line hits="0" number="244"/>
						<line hits="0" number="245"/>
						<line hits="0" number="246"/>
						<line hits="0" number="247"/>
						<line branch="true" condition-coverage="0% (0/2)" hits="0" missing-branches="exit,249" number="248"/>
						<line hits="0" number="249"/>
						<line hits="1" number="253"/>
						<line hits="1" number="256"/>
						<line hits="1" number="258"/>
						<line branch="true" condition-coverage="0% (0/2)" hits="0" missing-branches="exit,exit" number="259"/>
						<line hits="1" number="264"/>
						<line branch="true" condition-coverage="0% (0/2)" hits="0" missing-branches="exit,266" number="265"/>
						<line hits="0" number="266"/>
						<line hits="1" number="268"/>
						<line hits="0" number="270"/>
						<line hits="0" number="271"/>
						<line branch="true" condition-coverage="0% (0/2)" hits="0" missing-branches="273,274" number="272"/>
						<line hits="0" number="273"/>
						<line hits="0" number="274"/>
						<line hits="0" number="275"/>
						<line hits="0" number="276"/>
						<line hits="0" number="278"/>
						<line branch="true" condition-coverage="0% (0/2)" hits="0" missing-branches="280,281" number="279"/>
						<line hits="0" number="280"/>
						<line hits="0" number="281"/>
						<line hits="0" number="282"/>
						<line hits="1" number="284"/>
						<line hits="1" number="285"/>
						<line hits="1" number="287"/>
						<line branch="true" condition-coverage="0% (0/2)" hits="0" missing-branches="289,290" number="288"/>
						<line hits="0" number="289"/>
						<line hits="0" number="290"/>
						<line hits="1" number="291"/>
						<line branch="true" condition-coverage="100% (2/2)" hits="1" number="293"/>
						<line branch="true" condition-coverage="50% (1/2)" hits="1" missing-branches="293" number="294"/>
						<line hits="1" number="295"/>
						<line hits="1" number="297"/>
						<line hits="1" number="298"/>
						<line hits="1" number="300"/>
						<line branch="true" condition-coverage="0% (0/2)" hits="0" missing-branches="302,303" number="301"/>
						<line hits="0" number="302"/>
						<line hits="0" number="303"/>
						<line hits="1" number="304"/>
						<line branch="true" condition-coverage="50% (1/2)" hits="1" missing-branches="307" number="306"/>
						<line hits="0" number="307"/>
						<line hits="1" number="308"/>
						<line branch="true" condition-coverage="100% (2/2)" hits="1" number="309"/>
						<line branch="true" condition-coverage="100% (2/2)" hits="1" number="314"/>
						<line hits="1" number="315"/>
						<line hits="1" number="317"/>
						<line hits="1" number="318"/>
						<line hits="1" number="320"/>
						<line branch="true" condition-coverage="0% (0/2)" hits="0" missing-branches="322,324" number="321"/>
						<line hits="0" number="322"/>
						<line hits="0" number="323"/>
						<line hits="0" number="324"/>
						<line hits="1" number="325"/>
						<line branch="true" condition-coverage="100% (2/2)" hits="1" number="327"/>
						<line branch="true" condition-coverage="100% (2/2)" hits="1" number="328"/>
						<line hits="1" number="329"/>
						<line hits="1" number="331"/>
						<line hits="1" number="332"/>
						<line hits="1" number="334"/>
						<line hits="0" number="335"/>
						<line branch="true" condition-coverage="0% (0/2)" hits="0" missing-branches="337,338" number="336"/>
						<line hits="0" number="337"/>
						<line hits="0" number="338"/>
						<line hits="1" number="339"/>
						<line branch="true" condition-coverage="100% (2/2)" hits="1" number="341"/>
						<line branch="true" condition-coverage="100% (2/2)" hits="1" number="342"/>
						<line hits="1" number="343"/>
						<line hits="1" number="345"/>
						<line hits="0" number="347"/>
						<line hits="1" number="349"/>
						<line hits="0" number="351"/>
						<line hits="1" number="353"/>
						<line hits="0" number="355"/>
						<line hits="1" number="357"/>
						<line hits="0" number="359"/>
						<line branch="true" condition-coverage="50% (1/2)" hits="1" missing-branches="368" number="365"/>
						<line hits="1" number="366"/>
						<line hits="0" number="368"/>
						<line hits="1" number="370"/>
						<line hits="1" number="371"/>
						<line hits="0" number="372"/>
						<line hits="0" number="373"/>
						<line hits="1" number="374"/>
						<line hits="1" number="376"/>
						<line hits="1" number="379"/>
						<line hits="1" number="382"/>
						<line hits="1" number="387"/>
						<line hits="1" number="393"/>
						<line hits="0" number="394"/>
						<line hits="0" number="395"/>
						<line branch="true" condition-coverage="0% (0/2)" hits="0" missing-branches="exit,400" number="396"/>
						<line hits="0" number="400"/>
						<line hits="1" number="402"/>
						<line hits="0" number="403"/>
						<line hits="0" number="404"/>
						<line branch="true" condition-coverage="50% (1/2)" hits="1" missing-branches="407" number="406"/>
						<line hits="0" number="407"/>
						<line branch="true" condition-coverage="0% (0/2)" hits="0" missing-branches="409,410" number="408"/>
						<line hits="0" number="409"/>
						<line hits="0" number="410"/>
						<line hits="1" number="412"/>
						<line branch="true" condition-coverage="0% (0/2)" hits="0" missing-branches="414,415" number="413"/>
						<line hits="0" number="414"/>
						<line hits="0" number="415"/>
						<line hits="1" number="417"/>
						<line hits="0" number="418"/>
						<line hits="1" number="420"/>
						<line hits="0" number="421"/>
						<line hits="0" number="422"/>
						<line hits="0" number="423"/>
						<line hits="0" number="424"/>
						<line hits="0" number="425"/>
						<line hits="0" number="431"/>
						<line hits="1" number="433"/>
						<line branch="true" condition-coverage="0% (0/2)" hits="0" missing-branches="exit,438" number="434"/>
						<line branch="true" condition-coverage="0% (0/2)" hits="0" missing-branches="exit,442" number="438"/>
						<line hits="0" number="442"/>
						<line hits="0" number="443"/>
						<line hits="1" number="445"/>
						<line branch="true" condition-coverage="0% (0/2)" hits="0" missing-branches="448,449" number="447"/>
						<line hits="0" number="448"/>
						<line hits="0" number="449"/>
						<line hits="1" number="451"/>
						<line branch="true" condition-coverage="0% (0/2)" hits="0" missing-branches="454,455" number="453"/>
						<line hits="0" number="454"/>
						<line hits="0" number="455"/>
						<line hits="1" number="457"/>
						<line branch="true" condition-coverage="0% (0/2)" hits="0" missing-branches="460,461" number="459"/>
						<line hits="0" number="460"/>
						<line hits="0" number="461"/>
						<line branch="true" condition-coverage="100% (2/2)" hits="1" number="464"/>
						<line hits="1" number="470"/>
						<line hits="1" number="473"/>
						<line hits="0" number="474"/>
					</lines>
				</class>
				<class branch-rate="0.03846" complexity="0" filename="setuptools/ssl_support.py" line-rate="0.218" name="ssl_support.py">
					<methods/>
					<lines>
						<line hits="1" number="1"/>
						<line hits="1" number="2"/>
						<line hits="1" number="3"/>
						<line hits="1" number="4"/>
						<line hits="1" number="6"/>
						<line hits="1" number="8"/>
						<line hits="1" number="9"/>
						<line hits="1" number="11"/>
						<line hits="1" number="12"/>
						<line hits="0" number="13"/>
						<line hits="0" number="14"/>
						<line hits="1" number="16"/>
						<line hits="1" number="21"/>
						<line hits="1" number="32"/>
						<line hits="1" number="33"/>
						<line hits="1" number="34"/>
						<line hits="0" number="35"/>
						<line hits="0" number="36"/>
						<line hits="1" number="38"/>
						<line hits="1" number="41"/>
						<line hits="1" number="42"/>
						<line hits="0" number="43"/>
						<line hits="0" number="44"/>
						<line hits="0" number="45"/>
						<line hits="0" number="46"/>
						<line hits="0" number="47"/>
						<line hits="0" number="48"/>
						<line hits="0" number="49"/>
						<line branch="true" condition-coverage="50% (1/2)" hits="1" missing-branches="52" number="51"/>
						<line hits="0" number="52"/>
						<line hits="0" number="53"/>
						<line branch="true" condition-coverage="50% (1/2)" hits="1" missing-branches="56" number="55"/>
						<line hits="0" number="56"/>
						<line hits="0" number="61"/>
						<line branch="true" condition-coverage="0% (0/2)" hits="0" missing-branches="63,67" number="62"/>
						<line hits="0" number="63"/>
						<line hits="0" number="67"/>
						<line hits="0" number="68"/>
						<line hits="0" number="69"/>
						<line hits="0" number="71"/>
						<line branch="true" condition-coverage="0% (0/2)" hits="0" missing-branches="77,81" number="72"/>
						<line hits="0" number="77"/>
						<line branch="true" condition-coverage="0% (0/2)" hits="0" missing-branches="82,87" number="81"/>
						<line hits="0" number="82"/>
						<line branch="true" condition-coverage="0% (0/2)" hits="0" missing-branches="90,91" number="87"/>
						<line hits="0" number="90"/>
						<line branch="true" condition-coverage="0% (0/2)" hits="0" missing-branches="96,99" number="91"/>
						<line hits="0" number="96"/>
						<line hits="0" number="99"/>
						<line branch="true" condition-coverage="0% (0/2)" hits="0" missing-branches="103,105" number="102"/>
						<line hits="0" number="103"/>
						<line hits="0" number="105"/>
						<line hits="0" number="106"/>
						<line hits="0" number="108"/>
						<line branch="true" condition-coverage="0% (0/2)" hits="0" missing-branches="117,118" number="116"/>
						<line hits="0" number="117"/>
						<line hits="0" number="118"/>
						<line hits="0" number="119"/>
						<line branch="true" condition-coverage="0% (0/2)" hits="0" missing-branches="121,125" number="120"/>
						<line branch="true" condition-coverage="0% (0/2)" hits="0" missing-branches="120,122" number="121"/>
						<line branch="true" condition-coverage="0% (0/2)" hits="0" missing-branches="123,124" number="122"/>
						<line hits="0" number="123"/>
						<line hits="0" number="124"/>
						<line branch="true" condition-coverage="0% (0/2)" hits="0" missing-branches="128,136" number="125"/>
						<line branch="true" condition-coverage="0% (0/2)" hits="0" missing-branches="129,136" number="128"/>
						<line branch="true" condition-coverage="0% (0/2)" hits="0" missing-branches="128,132" number="129"/>
						<line branch="true" condition-coverage="0% (0/2)" hits="0" missing-branches="129,133" number="132"/>
						<line branch="true" condition-coverage="0% (0/2)" hits="0" missing-branches="134,135" number="133"/>
						<line hits="0" number="134"/>
						<line hits="0" number="135"/>
						<line branch="true" condition-coverage="0% (0/2)" hits="0" missing-branches="137,140" number="136"/>
						<line hits="0" number="137"/>
						<line branch="true" condition-coverage="0% (0/2)" hits="0" missing-branches="141,145" number="140"/>
						<line hits="0" number="141"/>
						<line hits="0" number="145"/>
						<line hits="1" number="149"/>
						<line hits="1" number="152"/>
						<line hits="0" number="153"/>
						<line hits="0" number="154"/>
						<line hits="1" number="156"/>
						<line branch="true" condition-coverage="0% (0/2)" hits="0" missing-branches="exit,exit" number="157"/>
						<line hits="1" number="162"/>
						<line hits="1" number="165"/>
						<line hits="0" number="166"/>
						<line hits="0" number="167"/>
						<line hits="1" number="169"/>
						<line hits="0" number="170"/>
						<line branch="true" condition-coverage="0% (0/2)" hits="0" missing-branches="176,184" number="175"/>
						<line hits="0" number="176"/>
						<line hits="0" number="177"/>
						<line hits="0" number="182"/>
						<line hits="0" number="184"/>
						<line hits="0" number="186"/>
						<line hits="0" number="189"/>
						<line hits="0" number="190"/>
						<line hits="0" number="191"/>
						<line hits="0" number="192"/>
						<line hits="0" number="193"/>
						<line hits="0" number="194"/>
						<line hits="1" number="197"/>
						<line hits="0" number="199"/>
						<line hits="1" number="204"/>
						<line hits="1" number="207"/>
						<line branch="true" condition-coverage="0% (0/2)" hits="0" missing-branches="210,212" number="209"/>
						<line hits="0" number="210"/>
						<line hits="0" number="212"/>
						<line hits="0" number="213"/>
						<line hits="0" number="214"/>
						<line hits="0" number="215"/>
						<line hits="0" number="217"/>
						<line hits="0" number="219"/>
						<line hits="0" number="220"/>
						<line branch="true" condition-coverage="0% (0/2)" hits="0" missing-branches="222,223" number="221"/>
						<line hits="0" number="222"/>
						<line hits="0" number="223"/>
						<line hits="0" number="224"/>
						<line hits="0" number="226"/>
						<line hits="0" number="227"/>
						<line hits="0" number="228"/>
						<line hits="0" number="229"/>
						<line hits="0" number="230"/>
						<line hits="0" number="232"/>
						<line hits="0" number="233"/>
						<line hits="1" number="236"/>
						<line branch="true" condition-coverage="0% (0/2)" hits="0" missing-branches="239,241" number="238"/>
						<line hits="0" number="239"/>
						<line branch="true" condition-coverage="0% (0/2)" hits="0" missing-branches="242,244" number="241"/>
						<line branch="true" condition-coverage="0% (0/2)" hits="0" missing-branches="241,243" number="242"/>
						<line hits="0" number="243"/>
						<line hits="0" number="244"/>
						<line hits="0" number="245"/>
						<line hits="0" number="246"/>
						<line hits="0" number="247"/>
					</lines>
				</class>
			</classes>
		</package>
		<package branch-rate="0.0459" complexity="0" line-rate="0.2107" name="setuptools.command">
			<classes>
				<class branch-rate="0.01093" complexity="0" filename="setuptools/command/easy_install.py" line-rate="0.1558" name="easy_install.py">
					<methods/>
					<lines>
						<line hits="1" number="3"/>
						<line hits="1" number="15"/>
						<line hits="1" number="16"/>
						<line hits="1" number="17"/>
						<line hits="1" number="18"/>
						<line hits="1" number="22"/>
						<line hits="1" number="23"/>
						<line hits="1" number="24"/>
						<line hits="1" number="25"/>
						<line hits="1" number="26"/>
						<line hits="1" number="27"/>
						<line hits="1" number="28"/>
						<line hits="1" number="29"/>
						<line hits="1" number="30"/>
						<line hits="1" number="31"/>
						<line hits="1" number="32"/>
						<line hits="1" number="33"/>
						<line hits="1" number="34"/>
						<line hits="1" number="35"/>
						<line hits="1" number="36"/>
						<line hits="1" number="37"/>
						<line hits="1" number="38"/>
						<line hits="1" number="39"/>
						<line hits="1" number="40"/>
						<line hits="1" number="41"/>
						<line hits="1" number="42"/>
						<line hits="1" number="44"/>
						<line hits="1" number="45"/>
						<line hits="1" number="47"/>
						<line hits="1" number="48"/>
						<line hits="1" number="49"/>
						<line hits="1" number="50"/>
						<line hits="1" number="51"/>
						<line hits="1" number="52"/>
						<line hits="1" number="53"/>
						<line hits="1" number="54"/>
						<line hits="1" number="55"/>
						<line hits="1" number="61"/>
						<line hits="1" number="64"/>
						<line hits="1" number="67"/>
						<line hits="1" number="73"/>
						<line hits="0" number="74"/>
						<line hits="1" number="77"/>
						<line hits="0" number="84"/>
						<line hits="0" number="85"/>
						<line branch="true" condition-coverage="0% (0/2)" hits="0" missing-branches="87,88" number="86"/>
						<line hits="0" number="87"/>
						<line hits="0" number="88"/>
						<line hits="0" number="89"/>
						<line hits="0" number="90"/>
						<line branch="true" condition-coverage="50% (1/2)" hits="1" missing-branches="94" number="93"/>
						<line hits="0" number="94"/>
						<line hits="0" number="95"/>
						<line hits="0" number="97"/>
						<line hits="0" number="98"/>
						<line hits="0" number="99"/>
						<line hits="0" number="100"/>
						<line hits="0" number="101"/>
						<line hits="0" number="102"/>
						<line hits="1" number="104"/>
						<line hits="0" number="105"/>
						<line hits="1" number="107"/>
						<line hits="0" number="108"/>
						<line hits="0" number="109"/>
						<line hits="0" number="110"/>
						<line hits="0" number="111"/>
						<line hits="0" number="112"/>
						<line branch="true" condition-coverage="100% (2/2)" hits="1" number="115"/>
						<line hits="1" number="118"/>
						<line hits="1" number="120"/>
						<line hits="1" number="121"/>
						<line hits="1" number="123"/>
						<line hits="1" number="152"/>
						<line branch="true" condition-coverage="50% (1/2)" hits="1" missing-branches="163" number="158"/>
						<line hits="1" number="159"/>
						<line hits="1" number="160"/>
						<line hits="1" number="161"/>
						<line hits="1" number="163"/>
						<line hits="1" number="164"/>
						<line hits="1" number="166"/>
						<line hits="0" number="169"/>
						<line hits="0" number="170"/>
						<line hits="0" number="171"/>
						<line hits="0" number="172"/>
						<line hits="0" number="173"/>
						<line hits="0" number="174"/>
						<line hits="0" number="175"/>
						<line hits="0" number="176"/>
						<line hits="0" number="177"/>
						<line hits="0" number="178"/>
						<line hits="0" number="179"/>
						<line hits="0" number="180"/>
						<line hits="0" number="181"/>
						<line hits="0" number="182"/>
						<line hits="0" number="183"/>
						<line hits="0" number="184"/>
						<line hits="0" number="185"/>
						<line hits="0" number="186"/>
						<line hits="0" number="187"/>
						<line hits="0" number="188"/>
						<line branch="true" condition-coverage="0% (0/2)" hits="0" missing-branches="190,193" number="189"/>
						<line hits="0" number="190"/>
						<line hits="0" number="191"/>
						<line hits="0" number="193"/>
						<line hits="0" number="194"/>
						<line hits="0" number="195"/>
						<line hits="0" number="198"/>
						<line hits="0" number="199"/>
						<line hits="0" number="200"/>
						<line hits="0" number="201"/>
						<line hits="0" number="202"/>
						<line hits="0" number="208"/>
						<line hits="0" number="209"/>
						<line hits="0" number="210"/>
						<line hits="1" number="214"/>
						<line branch="true" condition-coverage="0% (0/2)" hits="0" missing-branches="exit,219" number="215"/>
						<line hits="0" number="219"/>
						<line hits="1" number="221"/>
						<line hits="0" number="222"/>
						<line branch="true" condition-coverage="0% (0/2)" hits="0" missing-branches="224,226" number="223"/>
						<line hits="0" number="224"/>
						<line hits="0" number="226"/>
						<line hits="0" number="227"/>
						<line hits="0" number="228"/>
						<line hits="1" number="230"/>
						<line hits="0" number="235"/>
						<line hits="0" number="236"/>
						<line hits="0" number="237"/>
						<line hits="0" number="238"/>
						<line hits="0" number="239"/>
						<line hits="1" number="241"/>
						<line hits="0" number="242"/>
						<line hits="0" number="244"/>
						<line hits="0" number="245"/>
						<line hits="0" number="247"/>
						<line branch="true" condition-coverage="0% (0/2)" hits="0" missing-branches="263,266" number="262"/>
						<line hits="0" number="263"/>
						<line hits="0" number="264"/>
						<line hits="0" number="266"/>
						<line hits="0" number="268"/>
						<line hits="0" number="269"/>
						<line hits="0" number="271"/>
						<line branch="true" condition-coverage="0% (0/2)" hits="0" missing-branches="278,280" number="277"/>
						<line hits="0" number="278"/>
						<line branch="true" condition-coverage="0% (0/2)" hits="0" missing-branches="281,286" number="280"/>
						<line hits="0" number="281"/>
						<line hits="0" number="286"/>
						<line hits="0" number="290"/>
						<line branch="true" condition-coverage="0% (0/2)" hits="0" missing-branches="295,298" number="294"/>
						<line hits="0" number="295"/>
						<line hits="0" number="296"/>
						<line hits="0" number="298"/>
						<line hits="0" number="301"/>
						<line hits="0" number="302"/>
						<line branch="true" condition-coverage="0% (0/2)" hits="0" missing-branches="304,317" number="303"/>
						<line branch="true" condition-coverage="0% (0/2)" hits="0" missing-branches="exit,308" number="304"/>
						<line branch="true" condition-coverage="0% (0/2)" hits="0" missing-branches="309,317" number="308"/>
						<line branch="true" condition-coverage="0% (0/2)" hits="0" missing-branches="310,311" number="309"/>
						<line hits="0" number="310"/>
						<line branch="true" condition-coverage="0% (0/2)" hits="0" missing-branches="312,316" number="311"/>
						<line hits="0" number="312"/>
						<line hits="0" number="316"/>
						<line branch="true" condition-coverage="0% (0/2)" hits="0" missing-branches="318,319" number="317"/>
						<line hits="0" number="318"/>
						<line hits="0" number="319"/>
						<line hits="0" number="320"/>
						<line branch="true" condition-coverage="0% (0/2)" hits="0" missing-branches="322,325" number="321"/>
						<line branch="true" condition-coverage="0% (0/2)" hits="0" missing-branches="321,323" number="322"/>
						<line hits="0" number="323"/>
						<line branch="true" condition-coverage="0% (0/2)" hits="0" missing-branches="326,328" number="325"/>
						<line branch="true" condition-coverage="0% (0/2)" hits="0" missing-branches="exit,329" number="326"/>
						<line hits="0" number="328"/>
						<line branch="true" condition-coverage="0% (0/2)" hits="0" missing-branches="330,333" number="329"/>
						<line hits="0" number="330"/>
						<line hits="0" number="333"/>
						<line branch="true" condition-coverage="0% (0/2)" hits="0" missing-branches="336,339" number="335"/>
						<line branch="true" condition-coverage="0% (0/2)" hits="0" missing-branches="337,340" number="336"/>
						<line hits="0" number="337"/>
						<line hits="0" number="339"/>
						<line branch="true" condition-coverage="0% (0/2)" hits="0" missing-branches="341,342" number="340"/>
						<line hits="0" number="341"/>
						<line branch="true" condition-coverage="0% (0/2)" hits="0" missing-branches="343,344" number="342"/>
						<line hits="0" number="343"/>
						<line hits="0" number="344"/>
						<line branch="true" condition-coverage="0% (0/2)" hits="0" missing-branches="346,353" number="345"/>
						<line hits="0" number="346"/>
						<line hits="0" number="347"/>
						<line branch="true" condition-coverage="0% (0/2)" hits="0" missing-branches="349,353" number="348"/>
						<line hits="0" number="349"/>
						<line hits="0" number="350"/>
						<line hits="0" number="351"/>
						<line branch="true" condition-coverage="0% (0/2)" hits="0" missing-branches="354,357" number="353"/>
						<line hits="0" number="354"/>
						<line branch="true" condition-coverage="0% (0/2)" hits="0" missing-branches="358,361" number="357"/>
						<line hits="0" number="358"/>
						<line hits="0" number="361"/>
						<line hits="1" number="363"/>
						<line branch="true" condition-coverage="0% (0/2)" hits="0" missing-branches="368,370" number="367"/>
						<line hits="0" number="368"/>
						<line hits="0" number="370"/>
						<line branch="true" condition-coverage="0% (0/2)" hits="0" missing-branches="372,374" number="371"/>
						<line hits="0" number="372"/>
						<line hits="0" number="373"/>
						<line hits="0" number="374"/>
						<line hits="0" number="375"/>
						<line hits="0" number="376"/>
						<line hits="1" number="378"/>
						<line branch="true" condition-coverage="0% (0/2)" hits="0" missing-branches="exit,380" number="379"/>
						<line hits="0" number="380"/>
						<line branch="true" condition-coverage="0% (0/2)" hits="0" missing-branches="379,382" number="381"/>
						<line branch="true" condition-coverage="0% (0/2)" hits="0" missing-branches="383,384" number="382"/>
						<line hits="0" number="383"/>
						<line hits="0" number="384"/>
						<line hits="0" number="385"/>
						<line hits="1" number="387"/>
						<line hits="0" number="390"/>
						<line hits="1" number="392"/>
						<line hits="0" number="394"/>
						<line hits="0" number="402"/>
						<line hits="1" number="404"/>
						<line branch="true" condition-coverage="0% (0/2)" hits="0" missing-branches="406,407" number="405"/>
						<line hits="0" number="406"/>
						<line hits="0" number="407"/>
						<line branch="true" condition-coverage="0% (0/2)" hits="0" missing-branches="409,410" number="408"/>
						<line hits="0" number="409"/>
						<line branch="true" condition-coverage="0% (0/2)" hits="0" missing-branches="411,423" number="410"/>
						<line hits="0" number="411"/>
						<line branch="true" condition-coverage="0% (0/2)" hits="0" missing-branches="413,416" number="412"/>
						<line hits="0" number="413"/>
						<line branch="true" condition-coverage="0% (0/2)" hits="0" missing-branches="415,416" number="414"/>
						<line hits="0" number="415"/>
						<line hits="0" number="416"/>
						<line hits="0" number="418"/>
						<line hits="0" number="423"/>
						<line hits="0" number="425"/>
						<line hits="1" number="427"/>
						<line hits="0" number="432"/>
						<line hits="0" number="433"/>
						<line hits="0" number="434"/>
						<line hits="0" number="435"/>
						<line hits="0" number="436"/>
						<line hits="1" number="438"/>
						<line hits="0" number="439"/>
						<line hits="1" number="441"/>
						<line hits="0" number="444"/>
						<line hits="0" number="445"/>
						<line hits="0" number="448"/>
						<line branch="true" condition-coverage="0% (0/2)" hits="0" missing-branches="452,455" number="450"/>
						<line hits="0" number="452"/>
						<line hits="0" number="455"/>
						<line hits="0" number="456"/>
						<line hits="0" number="457"/>
						<line branch="true" condition-coverage="0% (0/2)" hits="0" missing-branches="459,460" number="458"/>
						<line hits="0" number="459"/>
						<line hits="0" number="460"/>
						<line hits="0" number="461"/>
						<line hits="0" number="462"/>
						<line hits="0" number="463"/>
						<line branch="true" condition-coverage="0% (0/2)" hits="0" missing-branches="467,469" number="465"/>
						<line hits="0" number="467"/>
						<line branch="true" condition-coverage="0% (0/2)" hits="0" missing-branches="470,473" number="469"/>
						<line branch="true" condition-coverage="0% (0/2)" hits="0" missing-branches="471,475" number="470"/>
						<line hits="0" number="471"/>
						<line hits="0" number="473"/>
						<line hits="0" number="475"/>
						<line branch="true" condition-coverage="0% (0/2)" hits="0" missing-branches="478,479" number="476"/>
						<line hits="0" number="478"/>
						<line branch="true" condition-coverage="0% (0/2)" hits="0" missing-branches="480,482" number="479"/>
						<line hits="0" number="480"/>
						<line hits="0" number="481"/>
						<line hits="0" number="482"/>
						<line hits="1" number="484"/>
						<line hits="1" number="498"/>
						<line hits="1" number="504"/>
						<line hits="1" number="520"/>
						<line hits="0" number="521"/>
						<line branch="true" condition-coverage="0% (0/2)" hits="0" missing-branches="524,526" number="523"/>
						<line hits="0" number="524"/>
						<line hits="0" number="526"/>
						<line hits="0" number="527"/>
						<line hits="1" number="529"/>
						<line hits="0" number="531"/>
						<line hits="0" number="532"/>
						<line hits="0" number="533"/>
						<line hits="0" number="534"/>
						<line hits="0" number="535"/>
						<line hits="0" number="536"/>
						<line hits="0" number="542"/>
						<line branch="true" condition-coverage="0% (0/2)" hits="0" missing-branches="544,545" number="543"/>
						<line hits="0" number="544"/>
						<line hits="0" number="545"/>
						<line branch="true" condition-coverage="0% (0/2)" hits="0" missing-branches="547,548" number="546"/>
						<line hits="0" number="547"/>
						<line hits="0" number="548"/>
						<line hits="0" number="549"/>
						<line hits="0" number="550"/>
						<line hits="0" number="552"/>
						<line hits="0" number="553"/>
						<line hits="0" number="554"/>
						<line hits="0" number="555"/>
						<line hits="0" number="556"/>
						<line branch="true" condition-coverage="0% (0/2)" hits="0" missing-branches="558,568" number="557"/>
						<line hits="0" number="558"/>
						<line hits="0" number="559"/>
						<line hits="0" number="560"/>
						<line branch="true" condition-coverage="0% (0/2)" hits="0" missing-branches="566,568" number="564"/>
						<line hits="0" number="566"/>
						<line hits="0" number="568"/>
						<line hits="0" number="570"/>
						<line branch="true" condition-coverage="0% (0/2)" hits="0" missing-branches="573,579" number="572"/>
						<line hits="0" number="573"/>
						<line hits="0" number="577"/>
						<line branch="true" condition-coverage="0% (0/2)" hits="0" missing-branches="580,581" number="579"/>
						<line hits="0" number="580"/>
						<line branch="true" condition-coverage="0% (0/2)" hits="0" missing-branches="582,583" number="581"/>
						<line hits="0" number="582"/>
						<line branch="true" condition-coverage="0% (0/3)" hits="0" missing-branches="exit,584,585" number="583"/>
						<line branch="true" condition-coverage="0% (0/2)" hits="0" missing-branches="exit,585" number="584"/>
						<line branch="true" condition-coverage="0% (0/2)" hits="0" missing-branches="586,587" number="585"/>
						<line hits="0" number="586"/>
						<line hits="0" number="587"/>
						<line hits="1" number="589"/>
						<line branch="true" condition-coverage="0% (0/2)" hits="0" missing-branches="592,601" number="591"/>
						<line branch="true" condition-coverage="0% (0/2)" hits="0" missing-branches="593,601" number="592"/>
						<line branch="true" condition-coverage="0% (0/2)" hits="0" missing-branches="596,597" number="593"/>
						<line hits="0" number="596"/>
						<line hits="0" number="597"/>
						<line hits="0" number="601"/>
						<line hits="1" number="603"/>
						<line branch="true" condition-coverage="0% (0/2)" hits="0" missing-branches="605,609" number="604"/>
						<line branch="true" condition-coverage="0% (0/2)" hits="0" missing-branches="exit,606" number="605"/>
						<line branch="true" condition-coverage="0% (0/2)" hits="0" missing-branches="605,607" number="606"/>
						<line hits="0" number="607"/>
						<line hits="0" number="609"/>
						<line hits="1" number="611"/>
						<line branch="true" condition-coverage="0% (0/2)" hits="0" missing-branches="exit,613" number="612"/>
						<line hits="0" number="613"/>
						<line hits="1" number="619"/>
						<line branch="true" condition-coverage="0% (0/2)" hits="0" missing-branches="621,623" number="620"/>
						<line hits="0" number="621"/>
						<line branch="true" condition-coverage="0% (0/2)" hits="0" missing-branches="exit,624" number="623"/>
						<line hits="0" number="624"/>
						<line hits="1" number="629"/>
						<line hits="0" number="630"/>
						<line branch="true" condition-coverage="0% (0/2)" hits="0" missing-branches="632,634" number="631"/>
						<line hits="0" number="632"/>
						<line hits="0" number="634"/>
						<line branch="true" condition-coverage="0% (0/2)" hits="0" missing-branches="636,649" number="635"/>
						<line branch="true" condition-coverage="0% (0/2)" hits="0" missing-branches="638,642" number="636"/>
						<line hits="0" number="638"/>
						<line hits="0" number="639"/>
						<line hits="0" number="640"/>
						<line branch="true" condition-coverage="0% (0/2)" hits="0" missing-branches="644,647" number="642"/>
						<line hits="0" number="644"/>
						<line hits="0" number="645"/>
						<line hits="0" number="647"/>
						<line hits="0" number="649"/>
						<line hits="0" number="650"/>
						<line branch="true" condition-coverage="0% (0/2)" hits="0" missing-branches="655,659" number="654"/>
						<line hits="0" number="655"/>
						<line branch="true" condition-coverage="0% (0/2)" hits="0" missing-branches="657,658" number="656"/>
						<line hits="0" number="657"/>
						<line hits="0" number="658"/>
						<line branch="true" condition-coverage="0% (0/2)" hits="0" missing-branches="661,664" number="659"/>
						<line hits="0" number="661"/>
						<line hits="0" number="662"/>
						<line hits="0" number="664"/>
						<line branch="true" condition-coverage="0% (0/2)" hits="0" missing-branches="exit,668" number="667"/>
						<line hits="0" number="668"/>
						<line hits="1" number="670"/>
						<line hits="0" number="673"/>
						<line hits="0" number="674"/>
						<line hits="0" number="675"/>
						<line hits="0" number="676"/>
						<line branch="true" condition-coverage="0% (0/2)" hits="0" missing-branches="685,691" number="682"/>
						<line branch="true" condition-coverage="0% (0/2)" hits="0" missing-branches="686,689" number="685"/>
						<line branch="true" condition-coverage="0% (0/2)" hits="0" missing-branches="685,687" number="686"/>
						<line hits="0" number="687"/>
						<line hits="0" number="689"/>
						<line hits="0" number="691"/>
						<line branch="true" condition-coverage="0% (0/2)" hits="0" missing-branches="694,698" number="693"/>
						<line hits="0" number="694"/>
						<line branch="true" condition-coverage="0% (0/2)" hits="0" missing-branches="696,701" number="695"/>
						<line hits="0" number="696"/>
						<line hits="0" number="698"/>
						<line hits="0" number="699"/>
						<line branch="true" condition-coverage="0% (0/2)" hits="0" missing-branches="exit,702" number="701"/>
						<line branch="true" condition-coverage="0% (0/2)" hits="0" missing-branches="exit,703" number="702"/>
						<line branch="true" condition-coverage="0% (0/2)" hits="0" missing-branches="702,704" number="703"/>
						<line hits="0" number="704"/>
						<line hits="1" number="706"/>
						<line hits="0" number="709"/>
						<line branch="true" condition-coverage="0% (0/2)" hits="0" missing-branches="exit,711" number="710"/>
						<line hits="0" number="711"/>
						<line branch="true" condition-coverage="0% (0/2)" hits="0" missing-branches="710,713" number="712"/>
						<line hits="0" number="713"/>
						<line hits="1" number="715"/>
						<line hits="0" number="716"/>
						<line hits="0" number="717"/>
						<line branch="true" condition-coverage="0% (0/2)" hits="0" missing-branches="719,720" number="718"/>
						<line hits="0" number="719"/>
						<line hits="0" number="720"/>
						<line hits="0" number="721"/>
						<line hits="0" number="722"/>
[...]
						<line branch="true" condition-coverage="50% (1/2)" hits="1" missing-branches="129" number="126"/>
						<line hits="0" number="129"/>
						<line branch="true" condition-coverage="50% (1/2)" hits="1" missing-branches="133" number="130"/>
						<line hits="1" number="131"/>
						<line branch="true" condition-coverage="50% (1/2)" hits="1" missing-branches="136" number="133"/>
						<line hits="1" number="134"/>
						<line branch="true" condition-coverage="100% (3/3)" hits="1" number="136"/>
						<line hits="1" number="137"/>
						<line branch="true" condition-coverage="50% (1/2)" hits="1" missing-branches="140" number="139"/>
						<line hits="0" number="140"/>
						<line branch="true" condition-coverage="100% (2/2)" hits="1" number="142"/>
						<line hits="1" number="143"/>
						<line branch="true" condition-coverage="50% (1/2)" hits="1" missing-branches="146" number="145"/>
						<line hits="0" number="146"/>
						<line branch="true" condition-coverage="50% (1/2)" hits="1" missing-branches="149" number="148"/>
						<line hits="0" number="149"/>
						<line branch="true" condition-coverage="50% (1/2)" hits="1" missing-branches="152" number="151"/>
						<line branch="true" condition-coverage="0% (0/2)" hits="0" missing-branches="153,154" number="152"/>
						<line hits="0" number="153"/>
						<line hits="0" number="154"/>
						<line branch="true" condition-coverage="50% (1/2)" hits="1" missing-branches="157" number="156"/>
						<line hits="0" number="157"/>
						<line branch="true" condition-coverage="50% (1/2)" hits="1" missing-branches="160" number="159"/>
						<line hits="0" number="160"/>
						<line hits="1" number="163"/>
						<line hits="1" number="165"/>
						<line branch="true" condition-coverage="50% (1/2)" hits="1" missing-branches="168" number="167"/>
						<line hits="0" number="168"/>
						<line branch="true" condition-coverage="50% (1/2)" hits="1" missing-branches="182" number="171"/>
						<line branch="true" condition-coverage="100% (2/2)" hits="1" number="172"/>
						<line hits="1" number="173"/>
						<line hits="1" number="174"/>
						<line branch="true" condition-coverage="50% (1/2)" hits="1" missing-branches="176" number="175"/>
						<line hits="0" number="176"/>
						<line hits="0" number="177"/>
						<line hits="0" number="178"/>
						<line hits="0" number="179"/>
						<line hits="1" number="182"/>
						<line branch="true" condition-coverage="100% (2/2)" hits="1" number="183"/>
						<line hits="1" number="184"/>
						<line branch="true" condition-coverage="100% (2/2)" hits="1" number="185"/>
						<line branch="true" condition-coverage="100% (2/2)" hits="1" number="186"/>
						<line hits="1" number="187"/>
						<line branch="true" condition-coverage="100% (2/2)" hits="1" number="188"/>
						<line hits="1" number="189"/>
						<line hits="1" number="190"/>
						<line branch="true" condition-coverage="50% (1/2)" hits="1" missing-branches="195" number="191"/>
						<line hits="1" number="192"/>
						<line hits="1" number="195"/>
						<line hits="1" number="196"/>
						<line hits="0" number="197"/>
						<line hits="0" number="198"/>
						<line branch="true" condition-coverage="0% (0/2)" hits="0" missing-branches="200,204" number="199"/>
						<line hits="0" number="200"/>
						<line branch="true" condition-coverage="0% (0/2)" hits="0" missing-branches="199,202" number="201"/>
						<line hits="0" number="202"/>
						<line hits="0" number="203"/>
						<line branch="true" condition-coverage="0% (0/2)" hits="0" missing-branches="205,210" number="204"/>
						<line hits="0" number="205"/>
						<line hits="1" number="206"/>
						<line hits="1" number="207"/>
						<line branch="true" condition-coverage="50% (1/2)" hits="1" missing-branches="211" number="210"/>
						<line branch="true" condition-coverage="0% (0/2)" hits="0" missing-branches="213,217" number="211"/>
						<line branch="true" condition-coverage="0% (0/2)" hits="0" missing-branches="211,214" number="213"/>
						<line hits="0" number="214"/>
						<line hits="1" number="217"/>
						<line hits="1" number="219"/>
						<line hits="0" number="221"/>
						<line branch="true" condition-coverage="0% (0/2)" hits="0" missing-branches="223,224" number="222"/>
						<line hits="0" number="223"/>
						<line branch="true" condition-coverage="0% (0/2)" hits="0" missing-branches="225,226" number="224"/>
						<line hits="0" number="225"/>
						<line hits="0" number="226"/>
						<line hits="1" number="228"/>
						<line branch="true" condition-coverage="0% (0/2)" hits="0" missing-branches="exit,231" number="230"/>
						<line hits="0" number="231"/>
						<line hits="0" number="232"/>
						<line hits="0" number="233"/>
						<line branch="true" condition-coverage="0% (0/2)" hits="0" missing-branches="235,236" number="234"/>
						<line hits="0" number="235"/>
						<line hits="0" number="236"/>
						<line hits="1" number="238"/>
						<line hits="1" number="243"/>
						<line hits="1" number="244"/>
						<line hits="1" number="245"/>
						<line branch="true" condition-coverage="50% (1/2)" hits="1" missing-branches="247" number="246"/>
						<line hits="0" number="247"/>
						<line branch="true" condition-coverage="0% (0/3)" hits="0" missing-branches="exit,250,263" number="248"/>
						<line hits="0" number="250"/>
						<line branch="true" condition-coverage="0% (0/2)" hits="0" missing-branches="252,253" number="251"/>
						<line hits="0" number="252"/>
						<line branch="true" condition-coverage="0% (0/2)" hits="0" missing-branches="254,258" number="253"/>
						<line hits="0" number="254"/>
						<line branch="true" condition-coverage="0% (0/2)" hits="0" missing-branches="256,257" number="255"/>
						<line hits="0" number="256"/>
						<line hits="0" number="257"/>
						<line branch="true" condition-coverage="0% (0/2)" hits="0" missing-branches="259,260" number="258"/>
						<line hits="0" number="259"/>
						<line branch="true" condition-coverage="0% (0/2)" hits="0" missing-branches="248,261" number="260"/>
						<line hits="0" number="261"/>
						<line hits="1" number="263"/>
						<line branch="true" condition-coverage="50% (1/2)" hits="1" missing-branches="268" number="264"/>
						<line hits="1" number="265"/>
						<line hits="1" number="266"/>
						<line hits="1" number="268"/>
						<line hits="1" number="271"/>
						<line hits="1" number="273"/>
						<line hits="1" number="274"/>
						<line branch="true" condition-coverage="50% (1/2)" hits="1" missing-branches="276" number="275"/>
						<line branch="true" condition-coverage="0% (0/2)" hits="0" missing-branches="277,278" number="276"/>
						<line hits="0" number="277"/>
						<line branch="true" condition-coverage="0% (0/2)" hits="0" missing-branches="279,284" number="278"/>
						<line branch="true" condition-coverage="0% (0/2)" hits="0" missing-branches="278,280" number="279"/>
						<line hits="0" number="280"/>
						<line hits="0" number="282"/>
						<line hits="1" number="284"/>
						<line hits="1" number="287"/>
						<line hits="1" number="291"/>
						<line hits="1" number="294"/>
						<line branch="true" condition-coverage="50% (1/2)" hits="1" missing-branches="296" number="295"/>
						<line hits="0" number="296"/>
						<line hits="0" number="297"/>
						<line hits="1" number="299"/>
						<line hits="1" number="300"/>
						<line branch="true" condition-coverage="50% (1/2)" hits="1" missing-branches="308" number="307"/>
						<line hits="0" number="308"/>
						<line hits="1" number="312"/>
						<line branch="true" condition-coverage="50% (1/2)" hits="1" missing-branches="316" number="315"/>
						<line hits="0" number="316"/>
						<line hits="0" number="317"/>
					</lines>
				</class>
				<class branch-rate="0.07547" complexity="0" filename="wheel/pep425tags.py" line-rate="0.2421" name="pep425tags.py">
					<methods/>
					<lines>
						<line hits="1" number="3"/>
						<line hits="1" number="4"/>
						<line hits="1" number="6"/>
						<line hits="1" number="7"/>
						<line hits="1" number="11"/>
						<line hits="1" number="14"/>
						<line hits="1" number="15"/>
						<line hits="1" number="16"/>
						<line hits="0" number="17"/>
						<line hits="0" number="18"/>
						<line hits="0" number="19"/>
						<line hits="1" number="22"/>
						<line branch="true" condition-coverage="50% (1/2)" hits="1" missing-branches="25" number="24"/>
						<line hits="0" number="25"/>
						<line branch="true" condition-coverage="50% (1/2)" hits="1" missing-branches="27" number="26"/>
						<line hits="0" number="27"/>
						<line branch="true" condition-coverage="50% (1/2)" hits="1" missing-branches="29" number="28"/>
						<line hits="0" number="29"/>
						<line hits="1" number="31"/>
						<line hits="1" number="32"/>
						<line hits="1" number="35"/>
						<line hits="1" number="37"/>
						<line branch="true" condition-coverage="50% (1/2)" hits="1" missing-branches="39" number="38"/>
						<line hits="0" number="39"/>
						<line hits="1" number="40"/>
						<line hits="1" number="43"/>
						<line branch="true" condition-coverage="0% (0/2)" hits="0" missing-branches="48,51" number="46"/>
						<line hits="0" number="48"/>
						<line hits="0" number="51"/>
						<line hits="1" number="54"/>
						<line hits="0" number="57"/>
						<line branch="true" condition-coverage="0% (0/2)" hits="0" missing-branches="59,63" number="58"/>
						<line branch="true" condition-coverage="0% (0/2)" hits="0" missing-branches="60,62" number="59"/>
						<line hits="0" number="60"/>
						<line hits="0" number="62"/>
						<line hits="0" number="63"/>
						<line hits="1" number="66"/>
						<line hits="0" number="69"/>
						<line hits="0" number="70"/>
						<line branch="true" condition-coverage="0% (0/2)" hits="0" missing-branches="72,91" number="71"/>
						<line hits="0" number="72"/>
						<line hits="0" number="73"/>
						<line hits="0" number="74"/>
						<line branch="true" condition-coverage="0% (0/3)" hits="0" missing-branches="exit,78,79" number="75"/>
						<line hits="0" number="78"/>
						<line branch="true" condition-coverage="0% (0/3)" hits="0" missing-branches="exit,82,83" number="79"/>
						<line hits="0" number="82"/>
						<line branch="true" condition-coverage="0% (0/3)" hits="0" missing-branches="exit,89,90" number="83"/>
						<line hits="0" number="89"/>
						<line hits="0" number="90"/>
						<line branch="true" condition-coverage="0% (0/2)" hits="0" missing-branches="92,93" number="91"/>
						<line hits="0" number="92"/>
						<line branch="true" condition-coverage="0% (0/2)" hits="0" missing-branches="94,96" number="93"/>
						<line hits="0" number="94"/>
						<line hits="0" number="96"/>
						<line hits="0" number="97"/>
						<line hits="1" number="100"/>
						<line hits="0" number="103"/>
						<line hits="1" number="106"/>
						<line hits="0" number="113"/>
						<line branch="true" condition-coverage="0% (0/2)" hits="0" missing-branches="117,124" number="116"/>
						<line hits="0" number="117"/>
						<line hits="0" number="118"/>
						<line hits="0" number="119"/>
						<line branch="true" condition-coverage="0% (0/2)" hits="0" missing-branches="122,124" number="121"/>
						<line hits="0" number="122"/>
						<line hits="0" number="124"/>
						<line hits="0" number="126"/>
						<line hits="0" number="128"/>
						<line branch="true" condition-coverage="0% (0/2)" hits="0" missing-branches="130,132" number="129"/>
						<line hits="0" number="130"/>
						<line hits="0" number="132"/>
						<line hits="0" number="133"/>
						<line branch="true" condition-coverage="0% (0/2)" hits="0" missing-branches="135,138" number="134"/>
						<line branch="true" condition-coverage="0% (0/2)" hits="0" missing-branches="134,136" number="135"/>
						<line hits="0" number="136"/>
						<line hits="0" number="138"/>
						<line hits="0" number="140"/>
						<line hits="0" number="142"/>
						<line branch="true" condition-coverage="0% (0/2)" hits="0" missing-branches="144,145" number="143"/>
						<line hits="0" number="144"/>
						<line hits="0" number="145"/>
						<line branch="true" condition-coverage="0% (0/2)" hits="0" missing-branches="149,153" number="148"/>
						<line branch="true" condition-coverage="0% (0/2)" hits="0" missing-branches="148,150" number="149"/>
						<line hits="0" number="150"/>
						<line branch="true" condition-coverage="0% (0/2)" hits="0" missing-branches="154,161" number="153"/>
						<line hits="0" number="154"/>
						<line branch="true" condition-coverage="0% (0/2)" hits="0" missing-branches="153,158" number="155"/>
						<line hits="0" number="158"/>
						<line hits="0" number="161"/>
						<line branch="true" condition-coverage="0% (0/2)" hits="0" missing-branches="165,169" number="164"/>
						<line hits="0" number="165"/>
						<line branch="true" condition-coverage="0% (0/2)" hits="0" missing-branches="164,167" number="166"/>
						<line hits="0" number="167"/>
						<line hits="0" number="169"/>
					</lines>
				</class>
				<class branch-rate="0.5" complexity="0" filename="wheel/pkginfo.py" line-rate="0.5172" name="pkginfo.py">
					<methods/>
					<lines>
						<line hits="1" number="4"/>
						<line hits="1" number="6"/>
						<line hits="1" number="7"/>
						<line hits="0" number="8"/>
						<line hits="1" number="9"/>
						<line hits="1" number="10"/>
						<line branch="true" condition-coverage="50% (1/2)" hits="1" missing-branches="13" number="12"/>
						<line hits="0" number="13"/>
						<line hits="0" number="15"/>
						<line hits="0" number="16"/>
						<line hits="0" number="18"/>
						<line hits="0" number="19"/>
						<line hits="0" number="20"/>
						<line hits="0" number="21"/>
						<line hits="0" number="23"/>
						<line hits="0" number="24"/>
						<line hits="0" number="25"/>
						<line hits="1" number="28"/>
						<line hits="1" number="29"/>
						<line hits="0" number="30"/>
						<line hits="0" number="31"/>
						<line hits="0" number="32"/>
						<line hits="1" number="34"/>
						<line hits="1" number="35"/>
						<line hits="1" number="38"/>
						<line hits="1" number="39"/>
						<line hits="1" number="41"/>
						<line hits="1" number="42"/>
						<line hits="1" number="43"/>
					</lines>
				</class>
				<class branch-rate="0.2188" complexity="0" filename="wheel/util.py" line-rate="0.4113" name="util.py">
					<methods/>
					<lines>
						<line hits="1" number="3"/>
						<line hits="1" number="4"/>
						<line hits="1" number="5"/>
						<line hits="1" number="6"/>
						<line hits="1" number="7"/>
						<line hits="1" number="8"/>
						<line hits="1" number="9"/>
						<line hits="0" number="10"/>
						<line hits="0" number="11"/>
						<line hits="1" number="13"/>
						<line hits="1" number="16"/>
						<line hits="1" number="18"/>
						<line hits="1" number="21"/>
						<line hits="0" number="23"/>
						<line hits="0" number="24"/>
						<line hits="1" number="27"/>
						<line hits="0" number="29"/>
						<line hits="1" number="32"/>
						<line hits="0" number="34"/>
						<line hits="1" number="36"/>
						<line branch="true" condition-coverage="50% (1/2)" hits="1" missing-branches="38" number="37"/>
						<line hits="0" number="38"/>
						<line hits="0" number="39"/>
						<line hits="1" number="41"/>
						<line hits="1" number="42"/>
						<line hits="1" number="43"/>
						<line hits="1" number="45"/>
						<line hits="1" number="46"/>
						<line hits="0" number="48"/>
						<line branch="true" condition-coverage="0% (0/2)" hits="0" missing-branches="51,52" number="50"/>
						<line hits="0" number="51"/>
						<line hits="0" number="52"/>
						<line hits="1" number="53"/>
						<line hits="1" number="54"/>
						<line branch="true" condition-coverage="0% (0/2)" hits="0" missing-branches="57,58" number="56"/>
						<line hits="0" number="57"/>
						<line hits="0" number="58"/>
						<line hits="1" number="61"/>
						<line hits="1" number="64"/>
						<line hits="0" number="65"/>
						<line hits="0" number="66"/>
						<line hits="0" number="67"/>
						<line branch="true" condition-coverage="0% (0/2)" hits="0" missing-branches="69,70" number="68"/>
						<line hits="0" number="69"/>
						<line hits="0" number="70"/>
						<line hits="1" number="71"/>
						<line hits="1" number="72"/>
						<line branch="true" condition-coverage="50% (1/2)" hits="1" missing-branches="75" number="73"/>
						<line hits="1" number="74"/>
						<line hits="0" number="75"/>
						<line hits="1" number="76"/>
						<line branch="true" condition-coverage="50% (1/2)" hits="1" missing-branches="exit" number="77"/>
						<line hits="1" number="78"/>
						<line hits="1" number="80"/>
						<line hits="1" number="81"/>
						<line hits="0" number="82"/>
						<line hits="0" number="83"/>
						<line hits="0" number="84"/>
						<line hits="0" number="85"/>
						<line hits="1" number="86"/>
						<line hits="0" number="87"/>
						<line hits="0" number="88"/>
						<line hits="0" number="89"/>
						<line hits="1" number="90"/>
						<line hits="0" number="91"/>
						<line hits="1" number="92"/>
						<line branch="true" condition-coverage="0% (0/2)" hits="0" missing-branches="94,95" number="93"/>
						<line hits="0" number="94"/>
						<line hits="0" number="95"/>
						<line hits="0" number="96"/>
						<line hits="1" number="98"/>
						<line hits="1" number="99"/>
						<line branch="true" condition-coverage="50% (1/2)" hits="1" missing-branches="101" number="100"/>
						<line hits="0" number="101"/>
						<line branch="true" condition-coverage="50% (1/2)" hits="1" missing-branches="104" number="103"/>
						<line hits="0" number="104"/>
						<line hits="1" number="105"/>
						<line hits="1" number="106"/>
						<line hits="1" number="107"/>
						<line hits="1" number="109"/>
						<line branch="true" condition-coverage="50% (1/2)" hits="1" missing-branches="111" number="110"/>
						<line hits="0" number="111"/>
						<line hits="1" number="112"/>
						<line hits="1" number="113"/>
						<line branch="true" condition-coverage="50% (1/2)" hits="1" missing-branches="116" number="115"/>
						<line hits="0" number="116"/>
						<line hits="0" number="119"/>
						<line hits="0" number="121"/>
						<line hits="0" number="122"/>
						<line hits="0" number="123"/>
						<line hits="0" number="124"/>
						<line hits="0" number="125"/>
						<line hits="0" number="127"/>
						<line hits="0" number="128"/>
						<line hits="0" number="129"/>
						<line branch="true" condition-coverage="0% (0/2)" hits="0" missing-branches="131,132" number="130"/>
						<line hits="0" number="131"/>
						<line hits="0" number="132"/>
						<line hits="0" number="133"/>
						<line hits="0" number="134"/>
						<line branch="true" condition-coverage="0% (0/2)" hits="0" missing-branches="exit,136" number="135"/>
						<line hits="0" number="136"/>
						<line hits="0" number="137"/>
						<line branch="true" condition-coverage="0% (0/2)" hits="0" missing-branches="135,139" number="138"/>
						<line hits="0" number="139"/>
						<line hits="1" number="141"/>
						<line hits="0" number="142"/>
						<line hits="0" number="143"/>
						<line hits="1" number="144"/>
						<line hits="0" number="145"/>
						<line hits="0" number="146"/>
						<line hits="1" number="148"/>
						<line hits="0" number="154"/>
						<line hits="0" number="155"/>
						<line hits="0" number="156"/>
						<line hits="0" number="157"/>
						<line hits="0" number="159"/>
						<line hits="0" number="161"/>
						<line branch="true" condition-coverage="0% (0/2)" hits="0" missing-branches="163,167" number="162"/>
						<line hits="0" number="163"/>
						<line hits="0" number="164"/>
						<line branch="true" condition-coverage="0% (0/2)" hits="0" missing-branches="162,166" number="165"/>
						<line hits="0" number="166"/>
						<line hits="0" number="167"/>
					</lines>
				</class>
			</classes>
		</package>
	</packages>
</coverage>
