<?xml version="1.0" encoding="UTF-8"?><testsuite name="nosetests" tests="7" errors="1" failures="1" skip="1"><testcase classname="package1.Class1" name="test_pass1" time="0.001"></testcase><testcase classname="package2.Class2" name="test_pass2" time="0.001"></testcase><testcase classname="package3.Class3" name="test_error1" time="0.001"><error type="exceptions.Exception" message="test error"><![CDATA[Traceback ...
]]></error></testcase><testcase classname="package3.Class3" name="test_failure1" time="0.002"><failure type="exceptions.AssertionError" message="True is not false"><![CDATA[Traceback ...
]]></failure></testcase><testcase classname="package3.Class3" name="test_skip1" time="0.003"><skipped type="unittest.case.SkipTest" message="test skip"><![CDATA[SkipTest: ...
]]></skipped></testcase><testcase classname="package4.Class4" name="test_pass3" time="0.001"></testcase><testcase classname="package4.Class4" name="test_pass4" time="0.000"></testcase></testsuite>